

Started GET "/assets/rails.png" for 127.0.0.1 at 2012-03-10 21:27:45 -0800
Served asset /rails.png - 304 Not Modified (48ms)


Started GET "/movies" for 127.0.0.1 at 2012-03-10 21:28:00 -0800
  Processing by MoviesController#index as HTML
Completed 500 Internal Server Error in 13ms

ActiveRecord::StatementInvalid (Could not find table 'movies'):
  app/controllers/movies_controller.rb:10:in `index'

Rendered /usr/local/lib/ruby/gems/1.9.1/gems/actionpack-3.1.0/lib/action_dispatch/middleware/templates/rescues/_trace.erb (4.1ms)
Rendered /usr/local/lib/ruby/gems/1.9.1/gems/actionpack-3.1.0/lib/action_dispatch/middleware/templates/rescues/_request_and_response.erb (2.5ms)
Rendered /usr/local/lib/ruby/gems/1.9.1/gems/actionpack-3.1.0/lib/action_dispatch/middleware/templates/rescues/diagnostics.erb within rescues/layout (64.7ms)


Started GET "/assets/rails.png" for 127.0.0.1 at 2012-03-11 09:24:02 -0700
Served asset /rails.png - 304 Not Modified (50ms)


Started GET "/movies" for 127.0.0.1 at 2012-03-11 09:24:26 -0700
  Processing by MoviesController#index as HTML
Completed 500 Internal Server Error in 66ms

ActiveRecord::StatementInvalid (Could not find table 'movies'):
  app/controllers/movies_controller.rb:10:in `index'

Rendered /usr/local/lib/ruby/gems/1.9.1/gems/actionpack-3.1.0/lib/action_dispatch/middleware/templates/rescues/_trace.erb (2.2ms)
Rendered /usr/local/lib/ruby/gems/1.9.1/gems/actionpack-3.1.0/lib/action_dispatch/middleware/templates/rescues/_request_and_response.erb (2.7ms)
Rendered /usr/local/lib/ruby/gems/1.9.1/gems/actionpack-3.1.0/lib/action_dispatch/middleware/templates/rescues/diagnostics.erb within rescues/layout (52.6ms)


Started GET "/moviesActiveRecord::StatementInvalid%20in%20MoviesController" for 127.0.0.1 at 2012-03-11 09:25:05 -0700

ActionController::RoutingError (No route matches [GET] "/moviesActiveRecord::StatementInvalid%20in%20MoviesController"):
  

Rendered /usr/local/lib/ruby/gems/1.9.1/gems/actionpack-3.1.0/lib/action_dispatch/middleware/templates/rescues/routing_error.erb within rescues/layout (201.5ms)
  [1m[36m (0.1ms)[0m  [1mselect sqlite_version(*)[0m
  [1m[35m (98.5ms)[0m  CREATE TABLE "schema_migrations" ("version" varchar(255) NOT NULL) 
  [1m[36m (0.1ms)[0m  [1mPRAGMA index_list("schema_migrations")[0m
  [1m[35m (68.1ms)[0m  CREATE UNIQUE INDEX "unique_schema_migrations" ON "schema_migrations" ("version")
  [1m[36m (0.3ms)[0m  [1mSELECT "schema_migrations"."version" FROM "schema_migrations" [0m
Migrating to CreateMovies (20111119180638)
  [1m[35m (6.7ms)[0m  CREATE TABLE "movies" ("id" INTEGER PRIMARY KEY AUTOINCREMENT NOT NULL, "title" varchar(255), "rating" varchar(255), "description" text, "release_date" datetime, "created_at" datetime, "updated_at" datetime) 
  [1m[36m (0.4ms)[0m  [1mINSERT INTO "schema_migrations" ("version") VALUES ('20111119180638')[0m
Migrating to AddMoreMovies (20120130161449)
  [1m[35mSQL (137.1ms)[0m  INSERT INTO "movies" ("created_at", "description", "rating", "release_date", "title", "updated_at") VALUES (?, ?, ?, ?, ?, ?)  [["created_at", Sun, 11 Mar 2012 17:08:34 UTC +00:00], ["description", nil], ["rating", "G"], ["release_date", Wed, 25 Nov 1992 00:00:00 UTC +00:00], ["title", "Aladdin"], ["updated_at", Sun, 11 Mar 2012 17:08:34 UTC +00:00]]
  [1m[36mSQL (0.7ms)[0m  [1mINSERT INTO "movies" ("created_at", "description", "rating", "release_date", "title", "updated_at") VALUES (?, ?, ?, ?, ?, ?)[0m  [["created_at", Sun, 11 Mar 2012 17:08:34 UTC +00:00], ["description", nil], ["rating", "R"], ["release_date", Fri, 26 Oct 1984 00:00:00 UTC +00:00], ["title", "The Terminator"], ["updated_at", Sun, 11 Mar 2012 17:08:34 UTC +00:00]]
  [1m[35mSQL (0.7ms)[0m  INSERT INTO "movies" ("created_at", "description", "rating", "release_date", "title", "updated_at") VALUES (?, ?, ?, ?, ?, ?)  [["created_at", Sun, 11 Mar 2012 17:08:34 UTC +00:00], ["description", nil], ["rating", "R"], ["release_date", Fri, 21 Jul 1989 00:00:00 UTC +00:00], ["title", "When Harry Met Sally"], ["updated_at", Sun, 11 Mar 2012 17:08:34 UTC +00:00]]
  [1m[36mSQL (0.5ms)[0m  [1mINSERT INTO "movies" ("created_at", "description", "rating", "release_date", "title", "updated_at") VALUES (?, ?, ?, ?, ?, ?)[0m  [["created_at", Sun, 11 Mar 2012 17:08:34 UTC +00:00], ["description", nil], ["rating", "PG-13"], ["release_date", Wed, 10 Aug 2011 00:00:00 UTC +00:00], ["title", "The Help"], ["updated_at", Sun, 11 Mar 2012 17:08:34 UTC +00:00]]
  [1m[35mSQL (0.8ms)[0m  INSERT INTO "movies" ("created_at", "description", "rating", "release_date", "title", "updated_at") VALUES (?, ?, ?, ?, ?, ?)  [["created_at", Sun, 11 Mar 2012 17:08:34 UTC +00:00], ["description", nil], ["rating", "PG-13"], ["release_date", Fri, 05 Jan 2001 00:00:00 UTC +00:00], ["title", "Chocolat"], ["updated_at", Sun, 11 Mar 2012 17:08:34 UTC +00:00]]
  [1m[36mSQL (1.9ms)[0m  [1mINSERT INTO "movies" ("created_at", "description", "rating", "release_date", "title", "updated_at") VALUES (?, ?, ?, ?, ?, ?)[0m  [["created_at", Sun, 11 Mar 2012 17:08:34 UTC +00:00], ["description", nil], ["rating", "R"], ["release_date", Wed, 25 Apr 2001 00:00:00 UTC +00:00], ["title", "Amelie"], ["updated_at", Sun, 11 Mar 2012 17:08:34 UTC +00:00]]
  [1m[35mSQL (0.8ms)[0m  INSERT INTO "movies" ("created_at", "description", "rating", "release_date", "title", "updated_at") VALUES (?, ?, ?, ?, ?, ?)  [["created_at", Sun, 11 Mar 2012 17:08:34 UTC +00:00], ["description", nil], ["rating", "G"], ["release_date", Sat, 06 Apr 1968 00:00:00 UTC +00:00], ["title", "2001: A Space Odyssey"], ["updated_at", Sun, 11 Mar 2012 17:08:34 UTC +00:00]]
  [1m[36mSQL (0.9ms)[0m  [1mINSERT INTO "movies" ("created_at", "description", "rating", "release_date", "title", "updated_at") VALUES (?, ?, ?, ?, ?, ?)[0m  [["created_at", Sun, 11 Mar 2012 17:08:34 UTC +00:00], ["description", nil], ["rating", "PG"], ["release_date", Fri, 05 Nov 2004 00:00:00 UTC +00:00], ["title", "The Incredibles"], ["updated_at", Sun, 11 Mar 2012 17:08:34 UTC +00:00]]
  [1m[35mSQL (0.7ms)[0m  INSERT INTO "movies" ("created_at", "description", "rating", "release_date", "title", "updated_at") VALUES (?, ?, ?, ?, ?, ?)  [["created_at", Sun, 11 Mar 2012 17:08:34 UTC +00:00], ["description", nil], ["rating", "PG"], ["release_date", Fri, 12 Jun 1981 00:00:00 UTC +00:00], ["title", "Raiders of the Lost Ark"], ["updated_at", Sun, 11 Mar 2012 17:08:34 UTC +00:00]]
  [1m[36mSQL (0.8ms)[0m  [1mINSERT INTO "movies" ("created_at", "description", "rating", "release_date", "title", "updated_at") VALUES (?, ?, ?, ?, ?, ?)[0m  [["created_at", Sun, 11 Mar 2012 17:08:34 UTC +00:00], ["description", nil], ["rating", "G"], ["release_date", Wed, 21 Jun 2000 00:00:00 UTC +00:00], ["title", "Chicken Run"], ["updated_at", Sun, 11 Mar 2012 17:08:34 UTC +00:00]]
  [1m[35m (0.7ms)[0m  INSERT INTO "schema_migrations" ("version") VALUES ('20120130161449')
  [1m[36m (0.8ms)[0m  [1mselect sqlite_version(*)[0m
  [1m[35m (0.2ms)[0m  SELECT "schema_migrations"."version" FROM "schema_migrations" 
  [1m[36m (0.1ms)[0m  [1mPRAGMA index_list("movies")[0m


Started GET "/assets/rails.png" for 127.0.0.1 at 2012-03-11 10:09:38 -0700
Served asset /rails.png - 304 Not Modified (6ms)


Started GET "/movies" for 127.0.0.1 at 2012-03-11 10:09:45 -0700
  Processing by MoviesController#index as HTML
  [1m[36mMovie Load (1.0ms)[0m  [1mSELECT "movies".* FROM "movies" [0m
Rendered movies/index.html.haml within layouts/application (419.9ms)
Compiled application.css  (1ms)  (pid 8111)
Compiled application.js  (176ms)  (pid 8111)
Compiled jquery.js  (184ms)  (pid 8111)
Compiled jquery_ujs.js  (87ms)  (pid 8111)
Completed 200 OK in 3738ms (Views: 3722.7ms | ActiveRecord: 1.5ms)


Started GET "/assets/application.css?body=1" for 127.0.0.1 at 2012-03-11 10:09:53 -0700
Served asset /application.css - 304 Not Modified (225ms)


Started GET "/assets/jquery_ujs.js?body=1" for 127.0.0.1 at 2012-03-11 10:09:54 -0700
Served asset /jquery_ujs.js - 304 Not Modified (99ms)


Started GET "/assets/jquery.js?body=1" for 127.0.0.1 at 2012-03-11 10:09:54 -0700
Served asset /jquery.js - 304 Not Modified (114ms)


Started GET "/assets/application.js?body=1" for 127.0.0.1 at 2012-03-11 10:09:54 -0700
Served asset /application.js - 304 Not Modified (371ms)


Started GET "/movies/new" for 127.0.0.1 at 2012-03-11 10:13:25 -0700
  Processing by MoviesController#new as HTML
Rendered movies/new.html.haml within layouts/application (109.5ms)
Completed 200 OK in 281ms (Views: 267.6ms | ActiveRecord: 0.0ms)


Started GET "/assets/jquery.js?body=1" for 127.0.0.1 at 2012-03-11 10:13:28 -0700
Served asset /jquery.js - 304 Not Modified (10ms)


Started GET "/assets/jquery_ujs.js?body=1" for 127.0.0.1 at 2012-03-11 10:13:28 -0700
Served asset /jquery_ujs.js - 304 Not Modified (1ms)


Started GET "/assets/application.js?body=1" for 127.0.0.1 at 2012-03-11 10:13:28 -0700
Served asset /application.js - 304 Not Modified (1ms)


Started GET "/assets/application.css?body=1" for 127.0.0.1 at 2012-03-11 10:13:28 -0700
Served asset /application.css - 304 Not Modified (0ms)


Started POST "/movies" for 127.0.0.1 at 2012-03-11 10:13:43 -0700
  Processing by MoviesController#create as HTML
  Parameters: {"utf8"=>"✓", "authenticity_token"=>"xdwljEfBAZD7PnJaEQS/AV22+9LH2o+KhpVo3jCHcaE=", "movie"=>{"title"=>"Hugo", "rating"=>"G", "release_date(1i)"=>"2012", "release_date(2i)"=>"3", "release_date(3i)"=>"11"}, "commit"=>"Save Changes"}
  [1m[35mSQL (342.4ms)[0m  INSERT INTO "movies" ("created_at", "description", "rating", "release_date", "title", "updated_at") VALUES (?, ?, ?, ?, ?, ?)  [["created_at", Sun, 11 Mar 2012 17:13:44 UTC +00:00], ["description", nil], ["rating", "G"], ["release_date", Sun, 11 Mar 2012 00:00:00 UTC +00:00], ["title", "Hugo"], ["updated_at", Sun, 11 Mar 2012 17:13:44 UTC +00:00]]
Redirected to http://localhost:3000/movies
Completed 302 Found in 830ms


Started GET "/movies" for 127.0.0.1 at 2012-03-11 10:13:45 -0700
  Processing by MoviesController#index as HTML
  [1m[36mMovie Load (6.3ms)[0m  [1mSELECT "movies".* FROM "movies" [0m
Rendered movies/index.html.haml within layouts/application (237.5ms)
Completed 200 OK in 386ms (Views: 349.2ms | ActiveRecord: 7.0ms)


Started GET "/assets/jquery_ujs.js?body=1" for 127.0.0.1 at 2012-03-11 10:13:47 -0700
Served asset /jquery_ujs.js - 304 Not Modified (0ms)


Started GET "/assets/jquery.js?body=1" for 127.0.0.1 at 2012-03-11 10:13:47 -0700
Served asset /jquery.js - 304 Not Modified (16ms)


Started GET "/assets/application.css?body=1" for 127.0.0.1 at 2012-03-11 10:13:47 -0700
Served asset /application.css - 304 Not Modified (63ms)


Started GET "/assets/application.js?body=1" for 127.0.0.1 at 2012-03-11 10:13:47 -0700
Served asset /application.js - 304 Not Modified (26ms)


Started GET "/movies/" for 127.0.0.1 at 2012-03-11 12:55:27 -0700
  Processing by MoviesController#index as HTML
  [1m[36mMovie Load (0.7ms)[0m  [1mSELECT "movies".* FROM "movies" [0m
Rendered movies/index.html.haml within layouts/application (131.0ms)
Completed 200 OK in 794ms (Views: 770.0ms | ActiveRecord: 0.9ms)


Started GET "/assets/application.js?body=1" for 127.0.0.1 at 2012-03-11 12:55:40 -0700
Served asset /application.js - 304 Not Modified (59ms)


Started GET "/assets/jquery_ujs.js?body=1" for 127.0.0.1 at 2012-03-11 12:55:41 -0700
Served asset /jquery_ujs.js - 304 Not Modified (136ms)


Started GET "/assets/application.css?body=1" for 127.0.0.1 at 2012-03-11 12:55:42 -0700
Served asset /application.css - 304 Not Modified (106ms)


Started GET "/assets/jquery.js?body=1" for 127.0.0.1 at 2012-03-11 12:55:42 -0700
Served asset /jquery.js - 304 Not Modified (48ms)


Started GET "/movies/" for 127.0.0.1 at 2012-03-11 14:02:29 -0700
  Processing by MoviesController#index as HTML
  [1m[36mMovie Load (14.0ms)[0m  [1mSELECT "movies".* FROM "movies" [0m
Rendered movies/index.html.haml within layouts/application (385.0ms)
Completed 200 OK in 1838ms (Views: 1817.3ms | ActiveRecord: 14.5ms)


Started GET "/assets/application.css?body=1" for 127.0.0.1 at 2012-03-11 14:02:47 -0700
Served asset /application.css - 304 Not Modified (7ms)


Started GET "/assets/jquery_ujs.js?body=1" for 127.0.0.1 at 2012-03-11 14:02:47 -0700
Served asset /jquery_ujs.js - 304 Not Modified (74ms)


Started GET "/assets/jquery.js?body=1" for 127.0.0.1 at 2012-03-11 14:02:48 -0700
Served asset /jquery.js - 304 Not Modified (123ms)


Started GET "/assets/application.js?body=1" for 127.0.0.1 at 2012-03-11 14:02:48 -0700
Served asset /application.js - 304 Not Modified (139ms)


Started GET "/movies/" for 127.0.0.1 at 2012-03-11 14:06:51 -0700
  Processing by MoviesController#index as HTML
  [1m[36mMovie Load (0.7ms)[0m  [1mSELECT "movies".* FROM "movies" [0m
Rendered movies/index.html.haml within layouts/application (252.5ms)
Completed 200 OK in 1645ms (Views: 1625.6ms | ActiveRecord: 1.0ms)


Started GET "/assets/application.css?body=1" for 127.0.0.1 at 2012-03-11 14:07:06 -0700
Served asset /application.css - 304 Not Modified (12ms)


Started GET "/assets/jquery.js?body=1" for 127.0.0.1 at 2012-03-11 14:07:07 -0700
Served asset /jquery.js - 304 Not Modified (110ms)


Started GET "/assets/jquery_ujs.js?body=1" for 127.0.0.1 at 2012-03-11 14:07:07 -0700
Served asset /jquery_ujs.js - 304 Not Modified (76ms)


Started GET "/assets/application.js?body=1" for 127.0.0.1 at 2012-03-11 14:07:07 -0700
Served asset /application.js - 304 Not Modified (131ms)


Started GET "/movies/" for 127.0.0.1 at 2012-03-11 14:07:53 -0700
  Processing by MoviesController#index as HTML
  [1m[35mMovie Load (0.5ms)[0m  SELECT "movies".* FROM "movies" 
Rendered movies/index.html.haml within layouts/application (76.7ms)
Completed 500 Internal Server Error in 167ms

ActionView::Template::Error (uninitialized constant ActionView::CompiledTemplates::Title):
    4: %table#movies
    5:   %thead
    6:     %tr
    7:       %th= link_to Movie Title
    8:       %th Rating
    9:       %th link_to Release Date
    10:       %th More Info
  app/views/movies/index.html.haml:7:in `_app_views_movies_index_html_haml__76782868_88847200'

Rendered /usr/local/lib/ruby/gems/1.9.1/gems/actionpack-3.1.0/lib/action_dispatch/middleware/templates/rescues/_trace.erb (3.8ms)
Rendered /usr/local/lib/ruby/gems/1.9.1/gems/actionpack-3.1.0/lib/action_dispatch/middleware/templates/rescues/_request_and_response.erb (5.7ms)
Rendered /usr/local/lib/ruby/gems/1.9.1/gems/actionpack-3.1.0/lib/action_dispatch/middleware/templates/rescues/template_error.erb within rescues/layout (79.6ms)


Started GET "/movies/" for 127.0.0.1 at 2012-03-11 14:08:51 -0700
  Processing by MoviesController#index as HTML
  [1m[36mMovie Load (0.6ms)[0m  [1mSELECT "movies".* FROM "movies" [0m
Rendered movies/index.html.haml within layouts/application (187.4ms)
Completed 200 OK in 362ms (Views: 338.3ms | ActiveRecord: 10.9ms)


Started GET "/assets/jquery.js?body=1" for 127.0.0.1 at 2012-03-11 14:08:53 -0700
Served asset /jquery.js - 304 Not Modified (12ms)


Started GET "/assets/application.css?body=1" for 127.0.0.1 at 2012-03-11 14:08:53 -0700
Served asset /application.css - 304 Not Modified (0ms)


Started GET "/assets/jquery_ujs.js?body=1" for 127.0.0.1 at 2012-03-11 14:08:53 -0700
Served asset /jquery_ujs.js - 304 Not Modified (0ms)


Started GET "/assets/application.js?body=1" for 127.0.0.1 at 2012-03-11 14:08:53 -0700
Served asset /application.js - 304 Not Modified (0ms)


Started GET "/movies/" for 127.0.0.1 at 2012-03-11 14:46:49 -0700
  Processing by MoviesController#index as HTML
  [1m[35mMovie Load (1.0ms)[0m  SELECT "movies".* FROM "movies" 
Rendered movies/index.html.haml within layouts/application (95.4ms)
Completed 500 Internal Server Error in 204ms

ActionView::Template::Error (uninitialized constant ActionView::CompiledTemplates::Title):
    4: %table#movies
    5:   %thead
    6:     %tr
    7:       %th= link_to Movie Title, movie_path('1')
    8:       %th Rating
    9:       %th link_to Release Date
    10:       %th More Info
  app/views/movies/index.html.haml:7:in `_app_views_movies_index_html_haml__76782868_90826010'

Rendered /usr/local/lib/ruby/gems/1.9.1/gems/actionpack-3.1.0/lib/action_dispatch/middleware/templates/rescues/_trace.erb (1.8ms)
Rendered /usr/local/lib/ruby/gems/1.9.1/gems/actionpack-3.1.0/lib/action_dispatch/middleware/templates/rescues/_request_and_response.erb (14.8ms)
Rendered /usr/local/lib/ruby/gems/1.9.1/gems/actionpack-3.1.0/lib/action_dispatch/middleware/templates/rescues/template_error.erb within rescues/layout (48.3ms)


Started GET "/movies/" for 127.0.0.1 at 2012-03-11 14:47:18 -0700
  Processing by MoviesController#index as HTML
  [1m[36mMovie Load (0.6ms)[0m  [1mSELECT "movies".* FROM "movies" [0m
Rendered movies/index.html.haml within layouts/application (62.8ms)
Completed 500 Internal Server Error in 267ms

ActionView::Template::Error (uninitialized constant ActionView::CompiledTemplates::Title):
    4: %table#movies
    5:   %thead
    6:     %tr
    7:       %th= link_to Movie Title, movie_path(1)
    8:       %th Rating
    9:       %th link_to Release Date
    10:       %th More Info
  app/views/movies/index.html.haml:7:in `_app_views_movies_index_html_haml__76782868_86950560'

Rendered /usr/local/lib/ruby/gems/1.9.1/gems/actionpack-3.1.0/lib/action_dispatch/middleware/templates/rescues/_trace.erb (8.7ms)
Rendered /usr/local/lib/ruby/gems/1.9.1/gems/actionpack-3.1.0/lib/action_dispatch/middleware/templates/rescues/_request_and_response.erb (8.4ms)
Rendered /usr/local/lib/ruby/gems/1.9.1/gems/actionpack-3.1.0/lib/action_dispatch/middleware/templates/rescues/template_error.erb within rescues/layout (64.5ms)


Started GET "/movies/" for 127.0.0.1 at 2012-03-11 14:47:40 -0700
  Processing by MoviesController#index as HTML
  [1m[35mMovie Load (31.7ms)[0m  SELECT "movies".* FROM "movies" 
Rendered movies/index.html.haml within layouts/application (324.2ms)
Completed 200 OK in 1261ms (Views: 1208.2ms | ActiveRecord: 32.8ms)


Started GET "/assets/application.css?body=1" for 127.0.0.1 at 2012-03-11 14:47:43 -0700
Served asset /application.css - 304 Not Modified (33ms)


Started GET "/assets/jquery.js?body=1" for 127.0.0.1 at 2012-03-11 14:47:43 -0700
Served asset /jquery.js - 304 Not Modified (0ms)


Started GET "/assets/application.js?body=1" for 127.0.0.1 at 2012-03-11 14:47:43 -0700
Served asset /application.js - 304 Not Modified (1ms)


Started GET "/assets/jquery_ujs.js?body=1" for 127.0.0.1 at 2012-03-11 14:47:44 -0700
Served asset /jquery_ujs.js - 304 Not Modified (6ms)


Started GET "/movies/" for 127.0.0.1 at 2012-03-11 14:50:03 -0700
  Processing by MoviesController#index as HTML
  [1m[36mMovie Load (13.5ms)[0m  [1mSELECT "movies".* FROM "movies" [0m
Completed 500 Internal Server Error in 93ms

ActionView::MissingTemplate (Missing template movies/index, application/index with {:handlers=>[:erb, :builder, :coffee, :haml], :formats=>[:html], :locale=>[:en, :en]}. Searched in:
  * "/home/saasbook/homework-saas/app/views"
):
  

Rendered /usr/local/lib/ruby/gems/1.9.1/gems/actionpack-3.1.0/lib/action_dispatch/middleware/templates/rescues/missing_template.erb within rescues/layout (13.1ms)


Started GET "/movies/" for 127.0.0.1 at 2012-03-11 14:51:04 -0700
  Processing by MoviesController#index as HTML
  [1m[35mMovie Load (25.7ms)[0m  SELECT "movies".* FROM "movies" 
Completed 500 Internal Server Error in 87ms

ActionView::MissingTemplate (Missing template movies/index, application/index with {:handlers=>[:erb, :builder, :coffee, :haml], :formats=>[:html], :locale=>[:en, :en]}. Searched in:
  * "/home/saasbook/homework-saas/app/views"
):
  

Rendered /usr/local/lib/ruby/gems/1.9.1/gems/actionpack-3.1.0/lib/action_dispatch/middleware/templates/rescues/missing_template.erb within rescues/layout (1.0ms)


Started GET "/movies/" for 127.0.0.1 at 2012-03-11 14:51:12 -0700
  Processing by MoviesController#index as HTML
  [1m[36mMovie Load (59.6ms)[0m  [1mSELECT "movies".* FROM "movies" [0m
Completed 500 Internal Server Error in 152ms

ActionView::MissingTemplate (Missing template movies/index, application/index with {:handlers=>[:erb, :builder, :coffee, :haml], :formats=>[:html], :locale=>[:en, :en]}. Searched in:
  * "/home/saasbook/homework-saas/app/views"
):
  

Rendered /usr/local/lib/ruby/gems/1.9.1/gems/actionpack-3.1.0/lib/action_dispatch/middleware/templates/rescues/missing_template.erb within rescues/layout (14.9ms)


Started GET "/movies/" for 127.0.0.1 at 2012-03-11 14:51:16 -0700
  Processing by MoviesController#index as HTML
  [1m[35mMovie Load (17.4ms)[0m  SELECT "movies".* FROM "movies" 
Completed 500 Internal Server Error in 123ms

ActionView::MissingTemplate (Missing template movies/index, application/index with {:handlers=>[:erb, :builder, :coffee, :haml], :formats=>[:html], :locale=>[:en, :en]}. Searched in:
  * "/home/saasbook/homework-saas/app/views"
):
  

Rendered /usr/local/lib/ruby/gems/1.9.1/gems/actionpack-3.1.0/lib/action_dispatch/middleware/templates/rescues/missing_template.erb within rescues/layout (14.4ms)


Started GET "/movies/" for 127.0.0.1 at 2012-03-11 14:52:04 -0700
  Processing by MoviesController#index as HTML
  [1m[36mMovie Load (0.6ms)[0m  [1mSELECT "movies".* FROM "movies" [0m
Completed 500 Internal Server Error in 63ms

ActionView::MissingTemplate (Missing template movies/index, application/index with {:handlers=>[:erb, :builder, :coffee, :haml], :formats=>[:html], :locale=>[:en, :en]}. Searched in:
  * "/home/saasbook/homework-saas/app/views"
):
  

Rendered /usr/local/lib/ruby/gems/1.9.1/gems/actionpack-3.1.0/lib/action_dispatch/middleware/templates/rescues/missing_template.erb within rescues/layout (0.8ms)


Started GET "/movies/" for 127.0.0.1 at 2012-03-11 15:28:11 -0700
  Processing by MoviesController#index as HTML
  [1m[35mMovie Load (0.6ms)[0m  SELECT "movies".* FROM "movies" 
Completed 500 Internal Server Error in 132ms

ActionView::MissingTemplate (Missing template movies/index, application/index with {:handlers=>[:erb, :builder, :coffee, :haml], :formats=>[:html], :locale=>[:en, :en]}. Searched in:
  * "/home/saasbook/homework-saas/app/views"
):
  

Rendered /usr/local/lib/ruby/gems/1.9.1/gems/actionpack-3.1.0/lib/action_dispatch/middleware/templates/rescues/missing_template.erb within rescues/layout (10.8ms)


Started GET "/movies/" for 127.0.0.1 at 2012-03-11 15:28:54 -0700
  Processing by MoviesController#index as HTML
  [1m[36mMovie Load (1.0ms)[0m  [1mSELECT "movies".* FROM "movies" [0m
Completed 500 Internal Server Error in 97ms

ActionView::MissingTemplate (Missing template movies/index, application/index with {:handlers=>[:erb, :builder, :coffee, :haml], :formats=>[:html], :locale=>[:en, :en]}. Searched in:
  * "/home/saasbook/homework-saas/app/views"
):
  

Rendered /usr/local/lib/ruby/gems/1.9.1/gems/actionpack-3.1.0/lib/action_dispatch/middleware/templates/rescues/missing_template.erb within rescues/layout (6.7ms)


Started GET "/movies/" for 127.0.0.1 at 2012-03-11 15:28:58 -0700
  Processing by MoviesController#index as HTML
  [1m[35mMovie Load (0.3ms)[0m  SELECT "movies".* FROM "movies" 
Completed 500 Internal Server Error in 67ms

ActionView::MissingTemplate (Missing template movies/index, application/index with {:handlers=>[:erb, :builder, :coffee, :haml], :formats=>[:html], :locale=>[:en, :en]}. Searched in:
  * "/home/saasbook/homework-saas/app/views"
):
  

Rendered /usr/local/lib/ruby/gems/1.9.1/gems/actionpack-3.1.0/lib/action_dispatch/middleware/templates/rescues/missing_template.erb within rescues/layout (15.3ms)


Started GET "/movies/" for 127.0.0.1 at 2012-03-11 15:30:10 -0700
  Processing by MoviesController#index as HTML
  [1m[36mMovie Load (13.9ms)[0m  [1mSELECT "movies".* FROM "movies" [0m
Completed 500 Internal Server Error in 103ms

ActionView::MissingTemplate (Missing template movies/index, application/index with {:handlers=>[:erb, :builder, :coffee, :haml], :formats=>[:html], :locale=>[:en, :en]}. Searched in:
  * "/home/saasbook/homework-saas/app/views"
):
  

Rendered /usr/local/lib/ruby/gems/1.9.1/gems/actionpack-3.1.0/lib/action_dispatch/middleware/templates/rescues/missing_template.erb within rescues/layout (0.8ms)


Started GET "/movies/" for 127.0.0.1 at 2012-03-11 15:30:34 -0700
  Processing by MoviesController#index as HTML
  [1m[35mMovie Load (0.7ms)[0m  SELECT "movies".* FROM "movies" 
Completed 500 Internal Server Error in 159ms

ActionView::MissingTemplate (Missing template movies/index, application/index with {:handlers=>[:erb, :builder, :coffee, :haml], :formats=>[:html], :locale=>[:en, :en]}. Searched in:
  * "/home/saasbook/homework-saas/app/views"
):
  

Rendered /usr/local/lib/ruby/gems/1.9.1/gems/actionpack-3.1.0/lib/action_dispatch/middleware/templates/rescues/missing_template.erb within rescues/layout (1.0ms)


Started GET "/movies/" for 127.0.0.1 at 2012-03-11 15:30:37 -0700
  Processing by MoviesController#index as HTML
  [1m[36mMovie Load (0.7ms)[0m  [1mSELECT "movies".* FROM "movies" [0m
Completed 500 Internal Server Error in 119ms

ActionView::MissingTemplate (Missing template movies/index, application/index with {:handlers=>[:erb, :builder, :coffee, :haml], :formats=>[:html], :locale=>[:en, :en]}. Searched in:
  * "/home/saasbook/homework-saas/app/views"
):
  

Rendered /usr/local/lib/ruby/gems/1.9.1/gems/actionpack-3.1.0/lib/action_dispatch/middleware/templates/rescues/missing_template.erb within rescues/layout (1.0ms)


Started GET "/movies/" for 127.0.0.1 at 2012-03-11 15:31:09 -0700
  Processing by MoviesController#index as HTML
  [1m[35mMovie Load (0.7ms)[0m  SELECT "movies".* FROM "movies" 
Completed 500 Internal Server Error in 107ms

ActionView::MissingTemplate (Missing template movies/index, application/index with {:handlers=>[:erb, :builder, :coffee, :haml], :formats=>[:html], :locale=>[:en, :en]}. Searched in:
  * "/home/saasbook/homework-saas/app/views"
):
  

Rendered /usr/local/lib/ruby/gems/1.9.1/gems/actionpack-3.1.0/lib/action_dispatch/middleware/templates/rescues/missing_template.erb within rescues/layout (1.3ms)


Started GET "/movies/" for 127.0.0.1 at 2012-03-11 15:31:12 -0700
  Processing by MoviesController#index as HTML
  [1m[36mMovie Load (63.9ms)[0m  [1mSELECT "movies".* FROM "movies" [0m
Completed 500 Internal Server Error in 139ms

ActionView::MissingTemplate (Missing template movies/index, application/index with {:handlers=>[:erb, :builder, :coffee, :haml], :formats=>[:html], :locale=>[:en, :en]}. Searched in:
  * "/home/saasbook/homework-saas/app/views"
):
  

Rendered /usr/local/lib/ruby/gems/1.9.1/gems/actionpack-3.1.0/lib/action_dispatch/middleware/templates/rescues/missing_template.erb within rescues/layout (27.6ms)


Started GET "/movies/" for 127.0.0.1 at 2012-03-11 15:33:52 -0700
  Processing by MoviesController#index as HTML
  [1m[36mMovie Load (0.7ms)[0m  [1mSELECT "movies".* FROM "movies" [0m
Completed 500 Internal Server Error in 1092ms

ActionView::MissingTemplate (Missing template movies/index, application/index with {:handlers=>[:erb, :builder], :formats=>[:html], :locale=>[:en, :en]}. Searched in:
):
  

Rendered /usr/local/lib/ruby/gems/1.9.1/gems/actionpack-3.1.0/lib/action_dispatch/middleware/templates/rescues/missing_template.erb within rescues/layout (22.7ms)


Started GET "/movies/" for 127.0.0.1 at 2012-03-11 15:36:37 -0700
  Processing by MoviesController#index as HTML
  [1m[35mMovie Load (0.7ms)[0m  SELECT "movies".* FROM "movies" 
Completed 500 Internal Server Error in 74ms

ActionView::MissingTemplate (Missing template movies/index, application/index with {:handlers=>[:erb, :builder], :formats=>[:html], :locale=>[:en, :en]}. Searched in:
):
  

Rendered /usr/local/lib/ruby/gems/1.9.1/gems/actionpack-3.1.0/lib/action_dispatch/middleware/templates/rescues/missing_template.erb within rescues/layout (0.8ms)


Started GET "/movies/" for 127.0.0.1 at 2012-03-11 15:36:41 -0700
  Processing by MoviesController#index as HTML
  [1m[36mMovie Load (0.9ms)[0m  [1mSELECT "movies".* FROM "movies" [0m
Completed 500 Internal Server Error in 179ms

ActionView::MissingTemplate (Missing template movies/index, application/index with {:handlers=>[:erb, :builder], :formats=>[:html], :locale=>[:en, :en]}. Searched in:
):
  

Rendered /usr/local/lib/ruby/gems/1.9.1/gems/actionpack-3.1.0/lib/action_dispatch/middleware/templates/rescues/missing_template.erb within rescues/layout (1.7ms)


Started GET "/movies/" for 127.0.0.1 at 2012-03-11 15:36:43 -0700
  Processing by MoviesController#index as HTML
  [1m[35mMovie Load (0.6ms)[0m  SELECT "movies".* FROM "movies" 
Completed 500 Internal Server Error in 93ms

ActionView::MissingTemplate (Missing template movies/index, application/index with {:handlers=>[:erb, :builder], :formats=>[:html], :locale=>[:en, :en]}. Searched in:
):
  

Rendered /usr/local/lib/ruby/gems/1.9.1/gems/actionpack-3.1.0/lib/action_dispatch/middleware/templates/rescues/missing_template.erb within rescues/layout (0.9ms)


Started GET "/assets/rails.png" for 127.0.0.1 at 2012-03-11 16:05:26 -0700
Served asset /rails.png - 304 Not Modified (24ms)


Started GET "/movies" for 127.0.0.1 at 2012-03-11 16:05:40 -0700
  Processing by MoviesController#index as HTML
  [1m[36mMovie Load (1.4ms)[0m  [1mSELECT "movies".* FROM "movies" [0m
Rendered movies/index.html.haml within layouts/application (377.6ms)
Completed 200 OK in 1841ms (Views: 1806.1ms | ActiveRecord: 26.3ms)


Started GET "/assets/application.css?body=1" for 127.0.0.1 at 2012-03-11 16:05:46 -0700
Served asset /application.css - 304 Not Modified (1ms)


Started GET "/assets/jquery.js?body=1" for 127.0.0.1 at 2012-03-11 16:05:47 -0700
Served asset /jquery.js - 304 Not Modified (119ms)


Started GET "/assets/jquery_ujs.js?body=1" for 127.0.0.1 at 2012-03-11 16:05:47 -0700
Served asset /jquery_ujs.js - 304 Not Modified (51ms)


Started GET "/assets/application.js?body=1" for 127.0.0.1 at 2012-03-11 16:05:47 -0700
Served asset /application.js - 304 Not Modified (107ms)


Started GET "/movies/10" for 127.0.0.1 at 2012-03-11 16:05:57 -0700
  Processing by MoviesController#show as HTML
  Parameters: {"id"=>"10"}
  [1m[35mMovie Load (0.9ms)[0m  SELECT "movies".* FROM "movies" WHERE "movies"."id" = ? LIMIT 1  [["id", "10"]]
Rendered movies/show.html.haml within layouts/application (98.4ms)
Completed 200 OK in 199ms (Views: 157.6ms | ActiveRecord: 16.5ms)


Started GET "/assets/application.css?body=1" for 127.0.0.1 at 2012-03-11 16:06:00 -0700
Served asset /application.css - 304 Not Modified (0ms)


Started GET "/assets/jquery.js?body=1" for 127.0.0.1 at 2012-03-11 16:06:00 -0700
Served asset /jquery.js - 304 Not Modified (0ms)


Started GET "/assets/jquery_ujs.js?body=1" for 127.0.0.1 at 2012-03-11 16:06:00 -0700
Served asset /jquery_ujs.js - 304 Not Modified (0ms)


Started GET "/assets/application.js?body=1" for 127.0.0.1 at 2012-03-11 16:06:00 -0700
Served asset /application.js - 304 Not Modified (0ms)


Started GET "/movies" for 127.0.0.1 at 2012-03-11 16:06:09 -0700
  Processing by MoviesController#index as HTML
  [1m[36mMovie Load (15.2ms)[0m  [1mSELECT "movies".* FROM "movies" [0m
Rendered movies/index.html.haml within layouts/application (161.7ms)
Completed 200 OK in 316ms (Views: 282.4ms | ActiveRecord: 24.6ms)


Started GET "/assets/application.css?body=1" for 127.0.0.1 at 2012-03-11 16:06:11 -0700
Served asset /application.css - 304 Not Modified (14ms)


Started GET "/assets/jquery_ujs.js?body=1" for 127.0.0.1 at 2012-03-11 16:06:11 -0700
Served asset /jquery_ujs.js - 304 Not Modified (0ms)


Started GET "/assets/jquery.js?body=1" for 127.0.0.1 at 2012-03-11 16:06:11 -0700
Served asset /jquery.js - 304 Not Modified (0ms)


Started GET "/assets/application.js?body=1" for 127.0.0.1 at 2012-03-11 16:06:11 -0700
Served asset /application.js - 304 Not Modified (0ms)


Started GET "/movies/4" for 127.0.0.1 at 2012-03-11 16:06:17 -0700
  Processing by MoviesController#show as HTML
  Parameters: {"id"=>"4"}
  [1m[35mMovie Load (0.5ms)[0m  SELECT "movies".* FROM "movies" WHERE "movies"."id" = ? LIMIT 1  [["id", "4"]]
Rendered movies/show.html.haml within layouts/application (127.4ms)
Completed 200 OK in 226ms (Views: 189.9ms | ActiveRecord: 2.5ms)


Started GET "/assets/application.css?body=1" for 127.0.0.1 at 2012-03-11 16:06:19 -0700
Served asset /application.css - 304 Not Modified (13ms)


Started GET "/assets/application.js?body=1" for 127.0.0.1 at 2012-03-11 16:06:19 -0700
Served asset /application.js - 304 Not Modified (0ms)


Started GET "/assets/jquery_ujs.js?body=1" for 127.0.0.1 at 2012-03-11 16:06:20 -0700
Served asset /jquery_ujs.js - 304 Not Modified (27ms)


Started GET "/assets/jquery.js?body=1" for 127.0.0.1 at 2012-03-11 16:06:20 -0700
Served asset /jquery.js - 304 Not Modified (0ms)


Started GET "/movies/4/edit" for 127.0.0.1 at 2012-03-11 16:06:33 -0700
  Processing by MoviesController#edit as HTML
  Parameters: {"id"=>"4"}
  [1m[36mMovie Load (0.7ms)[0m  [1mSELECT "movies".* FROM "movies" WHERE "movies"."id" = ? LIMIT 1[0m  [["id", "4"]]
Rendered movies/edit.html.haml within layouts/application (156.7ms)
Completed 200 OK in 333ms (Views: 303.1ms | ActiveRecord: 1.5ms)


Started GET "/assets/application.css?body=1" for 127.0.0.1 at 2012-03-11 16:06:35 -0700
Served asset /application.css - 304 Not Modified (0ms)


Started GET "/assets/jquery_ujs.js?body=1" for 127.0.0.1 at 2012-03-11 16:06:35 -0700
Served asset /jquery_ujs.js - 304 Not Modified (16ms)


Started GET "/assets/application.js?body=1" for 127.0.0.1 at 2012-03-11 16:06:35 -0700
Served asset /application.js - 304 Not Modified (1ms)


Started GET "/assets/jquery.js?body=1" for 127.0.0.1 at 2012-03-11 16:06:35 -0700
Served asset /jquery.js - 304 Not Modified (0ms)


Started GET "/movies/" for 127.0.0.1 at 2012-03-11 16:38:52 -0700
  Processing by MoviesController#index as HTML
  [1m[36mMovie Load (2.0ms)[0m  [1mSELECT "movies".* FROM "movies" ORDER BY title[0m
Rendered movies/index.html.haml within layouts/application (375.8ms)
Completed 200 OK in 1702ms (Views: 1660.8ms | ActiveRecord: 2.8ms)


Started GET "/assets/application.css?body=1" for 127.0.0.1 at 2012-03-11 16:39:11 -0700
Served asset /application.css - 304 Not Modified (26ms)


Started GET "/assets/jquery.js?body=1" for 127.0.0.1 at 2012-03-11 16:39:11 -0700
Served asset /jquery.js - 304 Not Modified (86ms)


Started GET "/assets/jquery_ujs.js?body=1" for 127.0.0.1 at 2012-03-11 16:39:11 -0700
Served asset /jquery_ujs.js - 304 Not Modified (28ms)


Started GET "/assets/application.js?body=1" for 127.0.0.1 at 2012-03-11 16:39:12 -0700
Served asset /application.js - 304 Not Modified (77ms)


Started GET "/movies/" for 127.0.0.1 at 2012-03-11 16:43:35 -0700
  Processing by MoviesController#index as HTML
  [1m[35mMovie Load (0.8ms)[0m  SELECT "movies".* FROM "movies" ORDER BY title desc
Rendered movies/index.html.haml within layouts/application (193.6ms)
Completed 200 OK in 323ms (Views: 283.2ms | ActiveRecord: 2.1ms)


Started GET "/assets/application.css?body=1" for 127.0.0.1 at 2012-03-11 16:43:38 -0700
Served asset /application.css - 304 Not Modified (0ms)


Started GET "/assets/application.js?body=1" for 127.0.0.1 at 2012-03-11 16:43:38 -0700
Served asset /application.js - 304 Not Modified (14ms)


Started GET "/assets/jquery.js?body=1" for 127.0.0.1 at 2012-03-11 16:43:38 -0700
Served asset /jquery.js - 304 Not Modified (0ms)


Started GET "/assets/jquery_ujs.js?body=1" for 127.0.0.1 at 2012-03-11 16:43:38 -0700
Served asset /jquery_ujs.js - 304 Not Modified (1ms)


Started GET "/movies/" for 127.0.0.1 at 2012-03-11 16:45:10 -0700
  Processing by MoviesController#index as HTML
  [1m[36mMovie Load (0.7ms)[0m  [1mSELECT "movies".* FROM "movies" ORDER BY title asc[0m
Rendered movies/index.html.haml within layouts/application (195.2ms)
Completed 200 OK in 278ms (Views: 256.7ms | ActiveRecord: 1.7ms)


Started GET "/assets/application.css?body=1" for 127.0.0.1 at 2012-03-11 16:45:12 -0700
Served asset /application.css - 304 Not Modified (0ms)


Started GET "/assets/jquery_ujs.js?body=1" for 127.0.0.1 at 2012-03-11 16:45:12 -0700
Served asset /jquery_ujs.js - 304 Not Modified (0ms)


Started GET "/assets/application.js?body=1" for 127.0.0.1 at 2012-03-11 16:45:12 -0700
Served asset /application.js - 304 Not Modified (7ms)


Started GET "/assets/jquery.js?body=1" for 127.0.0.1 at 2012-03-11 16:45:12 -0700
Served asset /jquery.js - 304 Not Modified (0ms)


Started GET "/movies/" for 127.0.0.1 at 2012-03-11 16:46:07 -0700
  Processing by MoviesController#index as HTML
  [1m[35mMovie Load (28.9ms)[0m  SELECT "movies".* FROM "movies" ORDER BY release_date asc
Rendered movies/index.html.haml within layouts/application (578.1ms)
Completed 200 OK in 848ms (Views: 798.4ms | ActiveRecord: 39.3ms)


Started GET "/assets/application.css?body=1" for 127.0.0.1 at 2012-03-11 16:46:09 -0700
Served asset /application.css - 304 Not Modified (15ms)


Started GET "/assets/jquery.js?body=1" for 127.0.0.1 at 2012-03-11 16:46:10 -0700
Served asset /jquery.js - 304 Not Modified (0ms)


Started GET "/assets/application.js?body=1" for 127.0.0.1 at 2012-03-11 16:46:10 -0700
Served asset /application.js - 304 Not Modified (20ms)


Started GET "/assets/jquery_ujs.js?body=1" for 127.0.0.1 at 2012-03-11 16:46:10 -0700
Served asset /jquery_ujs.js - 304 Not Modified (0ms)


Started GET "/movies/" for 127.0.0.1 at 2012-03-11 16:46:39 -0700
  Processing by MoviesController#index as HTML
  [1m[36mMovie Load (0.8ms)[0m  [1mSELECT "movies".* FROM "movies" ORDER BY release_date desc[0m
Rendered movies/index.html.haml within layouts/application (223.3ms)
Completed 200 OK in 401ms (Views: 384.6ms | ActiveRecord: 1.8ms)


Started GET "/assets/application.css?body=1" for 127.0.0.1 at 2012-03-11 16:46:41 -0700
Served asset /application.css - 304 Not Modified (0ms)


Started GET "/assets/jquery.js?body=1" for 127.0.0.1 at 2012-03-11 16:46:41 -0700
Served asset /jquery.js - 304 Not Modified (0ms)


Started GET "/assets/application.js?body=1" for 127.0.0.1 at 2012-03-11 16:46:41 -0700
Served asset /application.js - 304 Not Modified (19ms)


Started GET "/assets/jquery_ujs.js?body=1" for 127.0.0.1 at 2012-03-11 16:46:42 -0700
Served asset /jquery_ujs.js - 304 Not Modified (0ms)


Started GET "/movies" for 127.0.0.1 at 2012-03-11 17:27:53 -0700
  Processing by MoviesController#index as HTML
Completed 500 Internal Server Error in 17ms

NoMethodError (undefined method `get_ratings_list' for #<Class:0xa7315e0>):
  app/controllers/movies_controller.rb:19:in `index'

Rendered /usr/local/lib/ruby/gems/1.9.1/gems/actionpack-3.1.0/lib/action_dispatch/middleware/templates/rescues/_trace.erb (2.4ms)
Rendered /usr/local/lib/ruby/gems/1.9.1/gems/actionpack-3.1.0/lib/action_dispatch/middleware/templates/rescues/_request_and_response.erb (34.3ms)
Rendered /usr/local/lib/ruby/gems/1.9.1/gems/actionpack-3.1.0/lib/action_dispatch/middleware/templates/rescues/diagnostics.erb within rescues/layout (128.3ms)


Started GET "/movies" for 127.0.0.1 at 2012-03-11 17:29:26 -0700
  Processing by MoviesController#index as HTML
  [1m[36mMovie Load (1.2ms)[0m  [1mSELECT "movies".* FROM "movies" [0m
Rendered movies/index.html.haml within layouts/application (1132.0ms)
Compiled application.css  (1ms)  (pid 13323)
Completed 200 OK in 1669ms (Views: 1647.9ms | ActiveRecord: 2.8ms)


Started GET "/assets/jquery.js?body=1" for 127.0.0.1 at 2012-03-11 17:29:29 -0700
Served asset /jquery.js - 304 Not Modified (173ms)


Started GET "/assets/application.css?body=1" for 127.0.0.1 at 2012-03-11 17:29:29 -0700
Served asset /application.css - 200 OK (248ms)


Started GET "/assets/jquery_ujs.js?body=1" for 127.0.0.1 at 2012-03-11 17:29:30 -0700
Served asset /jquery_ujs.js - 304 Not Modified (128ms)


Started GET "/assets/application.js?body=1" for 127.0.0.1 at 2012-03-11 17:29:30 -0700
Served asset /application.js - 304 Not Modified (92ms)


Started GET "/movies?sort_id=title&title_hilite=hilite" for 127.0.0.1 at 2012-03-11 17:29:36 -0700
  Processing by MoviesController#index as HTML
  Parameters: {"sort_id"=>"title", "title_hilite"=>"hilite"}
  [1m[35mMovie Load (1.2ms)[0m  SELECT "movies".* FROM "movies" ORDER BY title
Rendered movies/index.html.haml within layouts/application (192.0ms)
Completed 200 OK in 387ms (Views: 293.5ms | ActiveRecord: 39.9ms)


Started GET "/assets/jquery.js?body=1" for 127.0.0.1 at 2012-03-11 17:29:39 -0700
Served asset /jquery.js - 304 Not Modified (0ms)


Started GET "/assets/application.css?body=1" for 127.0.0.1 at 2012-03-11 17:29:39 -0700
Served asset /application.css - 304 Not Modified (0ms)


Started GET "/assets/application.js?body=1" for 127.0.0.1 at 2012-03-11 17:29:39 -0700
Served asset /application.js - 304 Not Modified (0ms)


Started GET "/assets/jquery_ujs.js?body=1" for 127.0.0.1 at 2012-03-11 17:29:39 -0700
Served asset /jquery_ujs.js - 304 Not Modified (0ms)


Started GET "/movies?release_hilite=hilite&sort_id=release_date" for 127.0.0.1 at 2012-03-11 17:29:45 -0700
  Processing by MoviesController#index as HTML
  Parameters: {"release_hilite"=>"hilite", "sort_id"=>"release_date"}
  [1m[36mMovie Load (4.8ms)[0m  [1mSELECT "movies".* FROM "movies" ORDER BY release_date[0m
Rendered movies/index.html.haml within layouts/application (181.0ms)
Completed 200 OK in 903ms (Views: 828.2ms | ActiveRecord: 16.8ms)


Started GET "/assets/application.css?body=1" for 127.0.0.1 at 2012-03-11 17:29:47 -0700
Served asset /application.css - 304 Not Modified (0ms)


Started GET "/assets/jquery.js?body=1" for 127.0.0.1 at 2012-03-11 17:29:48 -0700
Served asset /jquery.js - 304 Not Modified (51ms)


Started GET "/assets/application.js?body=1" for 127.0.0.1 at 2012-03-11 17:29:48 -0700
Served asset /application.js - 304 Not Modified (1ms)


Started GET "/assets/jquery_ujs.js?body=1" for 127.0.0.1 at 2012-03-11 17:29:48 -0700
Served asset /jquery_ujs.js - 304 Not Modified (0ms)


Started GET "/movies?release_hilite=hilite&sort_id=release_date" for 127.0.0.1 at 2012-03-11 17:29:53 -0700
  Processing by MoviesController#index as HTML
  Parameters: {"release_hilite"=>"hilite", "sort_id"=>"release_date"}
  [1m[35mMovie Load (0.6ms)[0m  SELECT "movies".* FROM "movies" ORDER BY release_date
Rendered movies/index.html.haml within layouts/application (229.5ms)
Completed 200 OK in 472ms (Views: 356.6ms | ActiveRecord: 3.1ms)


Started GET "/assets/application.js?body=1" for 127.0.0.1 at 2012-03-11 17:29:55 -0700
Served asset /application.js - 304 Not Modified (19ms)


Started GET "/assets/jquery_ujs.js?body=1" for 127.0.0.1 at 2012-03-11 17:29:55 -0700
Served asset /jquery_ujs.js - 304 Not Modified (0ms)


Started GET "/assets/jquery.js?body=1" for 127.0.0.1 at 2012-03-11 17:29:55 -0700
Served asset /jquery.js - 304 Not Modified (0ms)


Started GET "/assets/application.css?body=1" for 127.0.0.1 at 2012-03-11 17:29:55 -0700
Served asset /application.css - 304 Not Modified (0ms)


Started GET "/movies?release_hilite=hilite&sort_id=release_date" for 127.0.0.1 at 2012-03-11 17:30:01 -0700
  Processing by MoviesController#index as HTML
  Parameters: {"release_hilite"=>"hilite", "sort_id"=>"release_date"}
  [1m[36mMovie Load (0.7ms)[0m  [1mSELECT "movies".* FROM "movies" ORDER BY release_date[0m
Rendered movies/index.html.haml within layouts/application (290.6ms)
Completed 200 OK in 499ms (Views: 441.1ms | ActiveRecord: 1.6ms)


Started GET "/assets/application.css?body=1" for 127.0.0.1 at 2012-03-11 17:30:04 -0700
Served asset /application.css - 304 Not Modified (17ms)


Started GET "/assets/jquery.js?body=1" for 127.0.0.1 at 2012-03-11 17:30:04 -0700
Served asset /jquery.js - 304 Not Modified (0ms)


Started GET "/assets/jquery_ujs.js?body=1" for 127.0.0.1 at 2012-03-11 17:30:04 -0700
Served asset /jquery_ujs.js - 304 Not Modified (0ms)


Started GET "/assets/application.js?body=1" for 127.0.0.1 at 2012-03-11 17:30:04 -0700
Served asset /application.js - 304 Not Modified (16ms)


Started GET "/movies?sort_id=title&title_hilite=hilite" for 127.0.0.1 at 2012-03-11 17:30:09 -0700
  Processing by MoviesController#index as HTML
  Parameters: {"sort_id"=>"title", "title_hilite"=>"hilite"}
  [1m[35mMovie Load (2.7ms)[0m  SELECT "movies".* FROM "movies" ORDER BY title
Rendered movies/index.html.haml within layouts/application (191.1ms)
Completed 200 OK in 370ms (Views: 356.8ms | ActiveRecord: 9.1ms)


Started GET "/assets/jquery.js?body=1" for 127.0.0.1 at 2012-03-11 17:30:12 -0700
Served asset /jquery.js - 304 Not Modified (94ms)


Started GET "/assets/application.css?body=1" for 127.0.0.1 at 2012-03-11 17:30:12 -0700
Served asset /application.css - 304 Not Modified (10ms)


Started GET "/assets/jquery_ujs.js?body=1" for 127.0.0.1 at 2012-03-11 17:30:12 -0700
Served asset /jquery_ujs.js - 304 Not Modified (0ms)


Started GET "/assets/application.js?body=1" for 127.0.0.1 at 2012-03-11 17:30:12 -0700
Served asset /application.js - 304 Not Modified (21ms)


Started GET "/movies?sort_id=title&title_hilite=hilite" for 127.0.0.1 at 2012-03-11 17:30:17 -0700
  Processing by MoviesController#index as HTML
  Parameters: {"sort_id"=>"title", "title_hilite"=>"hilite"}
  [1m[36mMovie Load (8.3ms)[0m  [1mSELECT "movies".* FROM "movies" ORDER BY title[0m
Rendered movies/index.html.haml within layouts/application (314.4ms)
Completed 200 OK in 656ms (Views: 626.1ms | ActiveRecord: 15.7ms)


Started GET "/assets/application.css?body=1" for 127.0.0.1 at 2012-03-11 17:30:18 -0700
Served asset /application.css - 304 Not Modified (0ms)


Started GET "/assets/jquery_ujs.js?body=1" for 127.0.0.1 at 2012-03-11 17:30:18 -0700
Served asset /jquery_ujs.js - 304 Not Modified (75ms)


Started GET "/assets/jquery.js?body=1" for 127.0.0.1 at 2012-03-11 17:30:19 -0700
Served asset /jquery.js - 304 Not Modified (1ms)


Started GET "/assets/application.js?body=1" for 127.0.0.1 at 2012-03-11 17:30:19 -0700
Served asset /application.js - 304 Not Modified (18ms)


Started GET "/movies?release_hilite=hilite&sort_id=release_date" for 127.0.0.1 at 2012-03-11 17:30:26 -0700
  Processing by MoviesController#index as HTML
  Parameters: {"release_hilite"=>"hilite", "sort_id"=>"release_date"}
  [1m[35mMovie Load (0.8ms)[0m  SELECT "movies".* FROM "movies" ORDER BY release_date
Rendered movies/index.html.haml within layouts/application (737.6ms)
Completed 200 OK in 1047ms (Views: 860.3ms | ActiveRecord: 73.3ms)


Started GET "/assets/application.js?body=1" for 127.0.0.1 at 2012-03-11 17:30:29 -0700
Served asset /application.js - 304 Not Modified (1ms)


Started GET "/assets/jquery.js?body=1" for 127.0.0.1 at 2012-03-11 17:30:29 -0700
Served asset /jquery.js - 304 Not Modified (10ms)


Started GET "/assets/application.css?body=1" for 127.0.0.1 at 2012-03-11 17:30:29 -0700
Served asset /application.css - 304 Not Modified (0ms)


Started GET "/assets/jquery_ujs.js?body=1" for 127.0.0.1 at 2012-03-11 17:30:29 -0700
Served asset /jquery_ujs.js - 304 Not Modified (98ms)


Started GET "/movies?sort_id=title&title_hilite=hilite" for 127.0.0.1 at 2012-03-11 17:30:34 -0700
  Processing by MoviesController#index as HTML
  Parameters: {"sort_id"=>"title", "title_hilite"=>"hilite"}
  [1m[36mMovie Load (15.5ms)[0m  [1mSELECT "movies".* FROM "movies" ORDER BY title[0m
Rendered movies/index.html.haml within layouts/application (153.3ms)
Completed 200 OK in 303ms (Views: 248.4ms | ActiveRecord: 26.5ms)


Started GET "/assets/jquery_ujs.js?body=1" for 127.0.0.1 at 2012-03-11 17:30:36 -0700
Served asset /jquery_ujs.js - 304 Not Modified (0ms)


Started GET "/assets/jquery.js?body=1" for 127.0.0.1 at 2012-03-11 17:30:37 -0700
Served asset /jquery.js - 304 Not Modified (0ms)


Started GET "/assets/application.css?body=1" for 127.0.0.1 at 2012-03-11 17:30:37 -0700
Served asset /application.css - 304 Not Modified (0ms)


Started GET "/assets/application.js?body=1" for 127.0.0.1 at 2012-03-11 17:30:37 -0700
Served asset /application.js - 304 Not Modified (1ms)


Started GET "/movies" for 127.0.0.1 at 2012-03-11 18:07:16 -0700
  Processing by MoviesController#index as HTML
  [1m[36mMovie Load (22.1ms)[0m  [1mSELECT "movies".* FROM "movies" [0m
Rendered movies/index.html.haml within layouts/application (336.8ms)
Completed 200 OK in 1889ms (Views: 1856.6ms | ActiveRecord: 28.2ms)


Started GET "/assets/application.css?body=1" for 127.0.0.1 at 2012-03-11 18:07:35 -0700
Served asset /application.css - 304 Not Modified (16ms)


Started GET "/assets/application.js?body=1" for 127.0.0.1 at 2012-03-11 18:07:35 -0700
Served asset /application.js - 304 Not Modified (47ms)


Started GET "/assets/jquery_ujs.js?body=1" for 127.0.0.1 at 2012-03-11 18:07:36 -0700
Served asset /jquery_ujs.js - 304 Not Modified (67ms)


Started GET "/assets/jquery.js?body=1" for 127.0.0.1 at 2012-03-11 18:07:36 -0700
Served asset /jquery.js - 304 Not Modified (55ms)


Started GET "/movies?utf8=%E2%9C%93&ratings%5BR%5D=1&title_hilite=&release_hilite=&sort_id=&commit=Refresh" for 127.0.0.1 at 2012-03-11 18:07:44 -0700
  Processing by MoviesController#index as HTML
  Parameters: {"utf8"=>"✓", "ratings"=>{"R"=>"1"}, "title_hilite"=>"", "release_hilite"=>"", "sort_id"=>"", "commit"=>"Refresh"}
  [1m[35mMovie Load (1.3ms)[0m  SELECT "movies".* FROM "movies" WHERE "movies"."rating" IN ('R')
Rendered movies/index.html.haml within layouts/application (122.7ms)
Completed 200 OK in 724ms (Views: 241.2ms | ActiveRecord: 2.3ms)


Started GET "/assets/application.css?body=1" for 127.0.0.1 at 2012-03-11 18:07:47 -0700
Served asset /application.css - 304 Not Modified (2ms)


Started GET "/assets/jquery_ujs.js?body=1" for 127.0.0.1 at 2012-03-11 18:07:47 -0700
Served asset /jquery_ujs.js - 304 Not Modified (0ms)


Started GET "/assets/jquery.js?body=1" for 127.0.0.1 at 2012-03-11 18:07:47 -0700
Served asset /jquery.js - 304 Not Modified (0ms)


Started GET "/assets/application.js?body=1" for 127.0.0.1 at 2012-03-11 18:07:47 -0700
Served asset /application.js - 304 Not Modified (0ms)


Started GET "/movies?utf8=%E2%9C%93&ratings%5BPG-13%5D=1&ratings%5BR%5D=1&title_hilite=&release_hilite=&sort_id=&commit=Refresh" for 127.0.0.1 at 2012-03-11 18:07:53 -0700
  Processing by MoviesController#index as HTML
  Parameters: {"utf8"=>"✓", "ratings"=>{"PG-13"=>"1", "R"=>"1"}, "title_hilite"=>"", "release_hilite"=>"", "sort_id"=>"", "commit"=>"Refresh"}
  [1m[36mMovie Load (26.1ms)[0m  [1mSELECT "movies".* FROM "movies" WHERE "movies"."rating" IN ('PG-13', 'R')[0m
Rendered movies/index.html.haml within layouts/application (155.6ms)
Completed 200 OK in 338ms (Views: 284.3ms | ActiveRecord: 27.1ms)


Started GET "/assets/application.css?body=1" for 127.0.0.1 at 2012-03-11 18:07:55 -0700
Served asset /application.css - 304 Not Modified (0ms)


Started GET "/assets/jquery_ujs.js?body=1" for 127.0.0.1 at 2012-03-11 18:07:55 -0700
Served asset /jquery_ujs.js - 304 Not Modified (0ms)


Started GET "/assets/jquery.js?body=1" for 127.0.0.1 at 2012-03-11 18:07:55 -0700
Served asset /jquery.js - 304 Not Modified (0ms)


Started GET "/assets/application.js?body=1" for 127.0.0.1 at 2012-03-11 18:07:55 -0700
Served asset /application.js - 304 Not Modified (0ms)


Started GET "/movies?utf8=%E2%9C%93&ratings%5BPG%5D=1&ratings%5BPG-13%5D=1&ratings%5BR%5D=1&title_hilite=&release_hilite=&sort_id=&commit=Refresh" for 127.0.0.1 at 2012-03-11 18:08:02 -0700
  Processing by MoviesController#index as HTML
  Parameters: {"utf8"=>"✓", "ratings"=>{"PG"=>"1", "PG-13"=>"1", "R"=>"1"}, "title_hilite"=>"", "release_hilite"=>"", "sort_id"=>"", "commit"=>"Refresh"}
  [1m[35mMovie Load (8.3ms)[0m  SELECT "movies".* FROM "movies" WHERE "movies"."rating" IN ('PG', 'PG-13', 'R')
Rendered movies/index.html.haml within layouts/application (328.5ms)
Completed 200 OK in 585ms (Views: 508.0ms | ActiveRecord: 28.0ms)


Started GET "/assets/jquery.js?body=1" for 127.0.0.1 at 2012-03-11 18:08:05 -0700
Served asset /jquery.js - 304 Not Modified (0ms)


Started GET "/assets/application.css?body=1" for 127.0.0.1 at 2012-03-11 18:08:05 -0700
Served asset /application.css - 304 Not Modified (0ms)


Started GET "/assets/jquery_ujs.js?body=1" for 127.0.0.1 at 2012-03-11 18:08:05 -0700
Served asset /jquery_ujs.js - 304 Not Modified (0ms)


Started GET "/assets/application.js?body=1" for 127.0.0.1 at 2012-03-11 18:08:05 -0700
Served asset /application.js - 304 Not Modified (1ms)


Started GET "/movies?ratings%5BPG%5D=1&ratings%5BPG-13%5D=1&ratings%5BR%5D=1&sort_id=title&title_hilite=hilite" for 127.0.0.1 at 2012-03-11 18:08:10 -0700
  Processing by MoviesController#index as HTML
  Parameters: {"ratings"=>{"PG"=>"1", "PG-13"=>"1", "R"=>"1"}, "sort_id"=>"title", "title_hilite"=>"hilite"}
  [1m[36mMovie Load (0.5ms)[0m  [1mSELECT "movies".* FROM "movies" WHERE "movies"."rating" IN ('PG', 'PG-13', 'R') ORDER BY title[0m
Rendered movies/index.html.haml within layouts/application (294.7ms)
Completed 200 OK in 428ms (Views: 371.6ms | ActiveRecord: 31.6ms)


Started GET "/assets/application.css?body=1" for 127.0.0.1 at 2012-03-11 18:08:12 -0700
Served asset /application.css - 304 Not Modified (0ms)


Started GET "/assets/jquery_ujs.js?body=1" for 127.0.0.1 at 2012-03-11 18:08:12 -0700
Served asset /jquery_ujs.js - 304 Not Modified (0ms)


Started GET "/assets/jquery.js?body=1" for 127.0.0.1 at 2012-03-11 18:08:12 -0700
Served asset /jquery.js - 304 Not Modified (0ms)


Started GET "/assets/application.js?body=1" for 127.0.0.1 at 2012-03-11 18:08:12 -0700
Served asset /application.js - 304 Not Modified (1ms)


Started GET "/movies?ratings%5BPG%5D=1&ratings%5BPG-13%5D=1&ratings%5BR%5D=1&release_hilite=hilite&sort_id=release_date" for 127.0.0.1 at 2012-03-11 18:08:18 -0700
  Processing by MoviesController#index as HTML
  Parameters: {"ratings"=>{"PG"=>"1", "PG-13"=>"1", "R"=>"1"}, "release_hilite"=>"hilite", "sort_id"=>"release_date"}
  [1m[35mMovie Load (0.9ms)[0m  SELECT "movies".* FROM "movies" WHERE "movies"."rating" IN ('PG', 'PG-13', 'R') ORDER BY release_date
Rendered movies/index.html.haml within layouts/application (186.8ms)
Completed 200 OK in 313ms (Views: 271.0ms | ActiveRecord: 20.1ms)


Started GET "/assets/jquery.js?body=1" for 127.0.0.1 at 2012-03-11 18:08:20 -0700
Served asset /jquery.js - 304 Not Modified (10ms)


Started GET "/assets/application.css?body=1" for 127.0.0.1 at 2012-03-11 18:08:20 -0700
Served asset /application.css - 304 Not Modified (0ms)


Started GET "/assets/jquery_ujs.js?body=1" for 127.0.0.1 at 2012-03-11 18:08:20 -0700
Served asset /jquery_ujs.js - 304 Not Modified (0ms)


Started GET "/assets/application.js?body=1" for 127.0.0.1 at 2012-03-11 18:08:21 -0700
Served asset /application.js - 304 Not Modified (1ms)


Started GET "/movies?utf8=%E2%9C%93&ratings%5BG%5D=1&ratings%5BPG%5D=1&ratings%5BPG-13%5D=1&ratings%5BR%5D=1&title_hilite=&release_hilite=hilite&sort_id=release_date&commit=Refresh" for 127.0.0.1 at 2012-03-11 18:08:28 -0700
  Processing by MoviesController#index as HTML
  Parameters: {"utf8"=>"✓", "ratings"=>{"G"=>"1", "PG"=>"1", "PG-13"=>"1", "R"=>"1"}, "title_hilite"=>"", "release_hilite"=>"hilite", "sort_id"=>"release_date", "commit"=>"Refresh"}
  [1m[36mMovie Load (3.4ms)[0m  [1mSELECT "movies".* FROM "movies" WHERE "movies"."rating" IN ('G', 'PG', 'PG-13', 'R') ORDER BY release_date[0m
Rendered movies/index.html.haml within layouts/application (202.6ms)
Completed 200 OK in 461ms (Views: 421.5ms | ActiveRecord: 4.6ms)


Started GET "/assets/application.css?body=1" for 127.0.0.1 at 2012-03-11 18:08:31 -0700
Served asset /application.css - 304 Not Modified (21ms)


Started GET "/assets/jquery_ujs.js?body=1" for 127.0.0.1 at 2012-03-11 18:08:31 -0700
Served asset /jquery_ujs.js - 304 Not Modified (9ms)


Started GET "/assets/jquery.js?body=1" for 127.0.0.1 at 2012-03-11 18:08:31 -0700
Served asset /jquery.js - 304 Not Modified (0ms)


Started GET "/assets/application.js?body=1" for 127.0.0.1 at 2012-03-11 18:08:31 -0700
Served asset /application.js - 304 Not Modified (1ms)


Started GET "/movies?utf8=%E2%9C%93&ratings%5BG%5D=1&ratings%5BPG%5D=1&ratings%5BPG-13%5D=1&title_hilite=&release_hilite=hilite&sort_id=release_date&commit=Refresh" for 127.0.0.1 at 2012-03-11 18:08:42 -0700
  Processing by MoviesController#index as HTML
  Parameters: {"utf8"=>"✓", "ratings"=>{"G"=>"1", "PG"=>"1", "PG-13"=>"1"}, "title_hilite"=>"", "release_hilite"=>"hilite", "sort_id"=>"release_date", "commit"=>"Refresh"}
  [1m[35mMovie Load (0.8ms)[0m  SELECT "movies".* FROM "movies" WHERE "movies"."rating" IN ('G', 'PG', 'PG-13') ORDER BY release_date
Rendered movies/index.html.haml within layouts/application (197.7ms)
Completed 200 OK in 424ms (Views: 389.9ms | ActiveRecord: 29.3ms)


Started GET "/assets/application.css?body=1" for 127.0.0.1 at 2012-03-11 18:08:44 -0700
Served asset /application.css - 304 Not Modified (0ms)


Started GET "/assets/jquery.js?body=1" for 127.0.0.1 at 2012-03-11 18:08:44 -0700
Served asset /jquery.js - 304 Not Modified (0ms)


Started GET "/assets/jquery_ujs.js?body=1" for 127.0.0.1 at 2012-03-11 18:08:44 -0700
Served asset /jquery_ujs.js - 304 Not Modified (11ms)


Started GET "/assets/application.js?body=1" for 127.0.0.1 at 2012-03-11 18:08:44 -0700
Served asset /application.js - 304 Not Modified (0ms)


Started GET "/movies?utf8=%E2%9C%93&ratings%5BG%5D=1&ratings%5BPG-13%5D=1&title_hilite=&release_hilite=hilite&sort_id=release_date&commit=Refresh" for 127.0.0.1 at 2012-03-11 18:08:52 -0700
  Processing by MoviesController#index as HTML
  Parameters: {"utf8"=>"✓", "ratings"=>{"G"=>"1", "PG-13"=>"1"}, "title_hilite"=>"", "release_hilite"=>"hilite", "sort_id"=>"release_date", "commit"=>"Refresh"}
  [1m[36mMovie Load (0.7ms)[0m  [1mSELECT "movies".* FROM "movies" WHERE "movies"."rating" IN ('G', 'PG-13') ORDER BY release_date[0m
Rendered movies/index.html.haml within layouts/application (654.8ms)
Completed 200 OK in 781ms (Views: 759.5ms | ActiveRecord: 9.9ms)


Started GET "/assets/jquery.js?body=1" for 127.0.0.1 at 2012-03-11 18:08:54 -0700
Served asset /jquery.js - 304 Not Modified (0ms)


Started GET "/assets/application.css?body=1" for 127.0.0.1 at 2012-03-11 18:08:55 -0700
Served asset /application.css - 304 Not Modified (0ms)


Started GET "/assets/application.js?body=1" for 127.0.0.1 at 2012-03-11 18:08:55 -0700
Served asset /application.js - 304 Not Modified (0ms)


Started GET "/assets/jquery_ujs.js?body=1" for 127.0.0.1 at 2012-03-11 18:08:55 -0700
Served asset /jquery_ujs.js - 304 Not Modified (0ms)


Started GET "/movies/7" for 127.0.0.1 at 2012-03-11 18:53:25 -0700
  Processing by MoviesController#show as HTML
  Parameters: {"id"=>"7"}
  [1m[35mMovie Load (1.2ms)[0m  SELECT "movies".* FROM "movies" WHERE "movies"."id" = ? LIMIT 1  [["id", "7"]]
Rendered movies/show.html.haml within layouts/application (115.7ms)
Completed 200 OK in 374ms (Views: 300.8ms | ActiveRecord: 17.2ms)


Started GET "/assets/jquery.js?body=1" for 127.0.0.1 at 2012-03-11 18:53:28 -0700
Served asset /jquery.js - 304 Not Modified (14ms)


Started GET "/assets/application.css?body=1" for 127.0.0.1 at 2012-03-11 18:53:28 -0700
Served asset /application.css - 304 Not Modified (0ms)


Started GET "/assets/jquery_ujs.js?body=1" for 127.0.0.1 at 2012-03-11 18:53:28 -0700
Served asset /jquery_ujs.js - 304 Not Modified (0ms)


Started GET "/assets/application.js?body=1" for 127.0.0.1 at 2012-03-11 18:53:28 -0700
Served asset /application.js - 304 Not Modified (27ms)


Started GET "/movies" for 127.0.0.1 at 2012-03-11 18:53:33 -0700
  Processing by MoviesController#index as HTML
  [1m[36mMovie Load (0.9ms)[0m  [1mSELECT "movies".* FROM "movies" [0m
Rendered movies/index.html.haml within layouts/application (239.9ms)
Completed 200 OK in 809ms (Views: 775.0ms | ActiveRecord: 15.7ms)


Started GET "/assets/application.css?body=1" for 127.0.0.1 at 2012-03-11 18:53:35 -0700
Served asset /application.css - 304 Not Modified (5ms)


Started GET "/assets/jquery_ujs.js?body=1" for 127.0.0.1 at 2012-03-11 18:53:35 -0700
Served asset /jquery_ujs.js - 304 Not Modified (0ms)


Started GET "/assets/jquery.js?body=1" for 127.0.0.1 at 2012-03-11 18:53:36 -0700
Served asset /jquery.js - 304 Not Modified (0ms)


Started GET "/assets/application.js?body=1" for 127.0.0.1 at 2012-03-11 18:53:36 -0700
Served asset /application.js - 304 Not Modified (14ms)


Started GET "/movies/3" for 127.0.0.1 at 2012-03-11 18:53:42 -0700
  Processing by MoviesController#show as HTML
  Parameters: {"id"=>"3"}
  [1m[35mMovie Load (77.2ms)[0m  SELECT "movies".* FROM "movies" WHERE "movies"."id" = ? LIMIT 1  [["id", "3"]]
Rendered movies/show.html.haml within layouts/application (89.7ms)
Completed 200 OK in 330ms (Views: 195.1ms | ActiveRecord: 128.6ms)


Started GET "/assets/application.css?body=1" for 127.0.0.1 at 2012-03-11 18:53:44 -0700
Served asset /application.css - 304 Not Modified (0ms)


Started GET "/assets/jquery_ujs.js?body=1" for 127.0.0.1 at 2012-03-11 18:53:44 -0700
Served asset /jquery_ujs.js - 304 Not Modified (2ms)


Started GET "/assets/jquery.js?body=1" for 127.0.0.1 at 2012-03-11 18:53:44 -0700
Served asset /jquery.js - 304 Not Modified (0ms)


Started GET "/assets/application.js?body=1" for 127.0.0.1 at 2012-03-11 18:53:44 -0700
Served asset /application.js - 304 Not Modified (17ms)


Started GET "/movies" for 127.0.0.1 at 2012-03-11 18:53:49 -0700
  Processing by MoviesController#index as HTML
  [1m[36mMovie Load (0.7ms)[0m  [1mSELECT "movies".* FROM "movies" [0m
Rendered movies/index.html.haml within layouts/application (177.9ms)
Completed 200 OK in 294ms (Views: 274.7ms | ActiveRecord: 10.8ms)


Started GET "/assets/application.css?body=1" for 127.0.0.1 at 2012-03-11 18:53:51 -0700
Served asset /application.css - 304 Not Modified (21ms)


Started GET "/assets/application.js?body=1" for 127.0.0.1 at 2012-03-11 18:53:51 -0700
Served asset /application.js - 304 Not Modified (0ms)


Started GET "/assets/jquery.js?body=1" for 127.0.0.1 at 2012-03-11 18:53:51 -0700
Served asset /jquery.js - 304 Not Modified (0ms)


Started GET "/assets/jquery_ujs.js?body=1" for 127.0.0.1 at 2012-03-11 18:53:51 -0700
Served asset /jquery_ujs.js - 304 Not Modified (13ms)


Started GET "/movies" for 127.0.0.1 at 2012-03-11 19:49:07 -0700
  Processing by MoviesController#index as HTML
  [1m[36mMovie Load (9.2ms)[0m  [1mSELECT "movies".* FROM "movies" [0m
Rendered movies/index.html.haml within layouts/application (352.1ms)
Completed 200 OK in 1866ms (Views: 1839.6ms | ActiveRecord: 10.2ms)


Started GET "/assets/application.css?body=1" for 127.0.0.1 at 2012-03-11 19:49:27 -0700
Served asset /application.css - 200 OK (13ms)


Started GET "/assets/jquery.js?body=1" for 127.0.0.1 at 2012-03-11 19:49:28 -0700
Served asset /jquery.js - 304 Not Modified (57ms)


Started GET "/assets/jquery_ujs.js?body=1" for 127.0.0.1 at 2012-03-11 19:49:28 -0700
Served asset /jquery_ujs.js - 304 Not Modified (29ms)


Started GET "/assets/application.js?body=1" for 127.0.0.1 at 2012-03-11 19:49:28 -0700
Served asset /application.js - 304 Not Modified (31ms)


Started GET "/movies?utf8=%E2%9C%93&ratings%5BPG%5D=1&title_hilite=&release_hilite=&sort_id=&commit=Refresh" for 127.0.0.1 at 2012-03-11 19:49:39 -0700
  Processing by MoviesController#index as HTML
  Parameters: {"utf8"=>"✓", "ratings"=>{"PG"=>"1"}, "title_hilite"=>"", "release_hilite"=>"", "sort_id"=>"", "commit"=>"Refresh"}
  [1m[35mMovie Load (1.0ms)[0m  SELECT "movies".* FROM "movies" WHERE "movies"."rating" IN ('PG')
Rendered movies/index.html.haml within layouts/application (143.4ms)
Completed 200 OK in 432ms (Views: 264.9ms | ActiveRecord: 20.1ms)


Started GET "/assets/application.css?body=1" for 127.0.0.1 at 2012-03-11 19:49:41 -0700
Served asset /application.css - 304 Not Modified (6ms)


Started GET "/assets/jquery_ujs.js?body=1" for 127.0.0.1 at 2012-03-11 19:49:41 -0700
Served asset /jquery_ujs.js - 304 Not Modified (0ms)


Started GET "/assets/application.js?body=1" for 127.0.0.1 at 2012-03-11 19:49:41 -0700
Served asset /application.js - 304 Not Modified (0ms)


Started GET "/assets/jquery.js?body=1" for 127.0.0.1 at 2012-03-11 19:49:41 -0700
Served asset /jquery.js - 304 Not Modified (9ms)


Started GET "/movies?ratings%5BPG%5D=1&release_hilite=hilite&sort_id=release_date" for 127.0.0.1 at 2012-03-11 19:49:47 -0700
  Processing by MoviesController#index as HTML
  Parameters: {"ratings"=>{"PG"=>"1"}, "release_hilite"=>"hilite", "sort_id"=>"release_date"}
  [1m[36mMovie Load (5.1ms)[0m  [1mSELECT "movies".* FROM "movies" WHERE "movies"."rating" IN ('PG') ORDER BY release_date[0m
Rendered movies/index.html.haml within layouts/application (199.3ms)
Completed 200 OK in 433ms (Views: 396.6ms | ActiveRecord: 6.3ms)


Started GET "/assets/application.css?body=1" for 127.0.0.1 at 2012-03-11 19:49:49 -0700
Served asset /application.css - 304 Not Modified (0ms)


Started GET "/assets/jquery.js?body=1" for 127.0.0.1 at 2012-03-11 19:49:49 -0700
Served asset /jquery.js - 304 Not Modified (0ms)


Started GET "/assets/jquery_ujs.js?body=1" for 127.0.0.1 at 2012-03-11 19:49:49 -0700
Served asset /jquery_ujs.js - 304 Not Modified (0ms)


Started GET "/assets/application.js?body=1" for 127.0.0.1 at 2012-03-11 19:49:49 -0700
Served asset /application.js - 304 Not Modified (18ms)


Started GET "/movies/8" for 127.0.0.1 at 2012-03-11 19:49:56 -0700
  Processing by MoviesController#show as HTML
  Parameters: {"id"=>"8"}
  [1m[35mMovie Load (14.8ms)[0m  SELECT "movies".* FROM "movies" WHERE "movies"."id" = ? LIMIT 1  [["id", "8"]]
ERROR: compiling _app_views_movies_show_html_haml___874802581_105142590 RAISED /home/saasbook/homework-saas/app/views/movies/show.html.haml:19: syntax error, unexpected tIDENTIFIER, expecting keyword_do or '{' or '('
...ovie list', redirect_to session[:params]
...                               ^
Function body:           def _app_views_movies_show_html_haml___874802581_105142590(local_assigns, output_buffer)
            _old_virtual_path, @virtual_path = @virtual_path, "movies/show";_old_output_buffer = @output_buffer;;begin;extend Haml::Helpers;_hamlout = @haml_buffer = Haml::Buffer.new(@haml_buffer, {:autoclose=>["meta", "img", "link", "br", "hr", "input", "area", "param", "col", "base"], :preserve=>["textarea", "pre", "code"], :attr_wrapper=>"'", :ugly=>false, :format=>:html5, :encoding=>"UTF-8", :escape_html=>true, :escape_attrs=>true});_erbout = _hamlout.buffer;__in_erb_template = true;;_hamlout.push_text("<h2>#{_hamlout.adjust_tabs(1); 

_hamlout.format_script_false_true_false_false_false_true_false(("Details about #{Haml::Helpers.html_escape((@movie.title))}"
));}</h2>\n<ul id='details'>\n  <li>\n    Rating:\n    #{_hamlout.adjust_tabs(2); 



_hamlout.format_script_false_false_false_true_false_true_false(( @movie.rating
));}\n  </li>\n  <li>\n    Released on:\n    #{

_hamlout.format_script_false_false_false_true_false_true_false(( @movie.release_date.strftime("%B %d, %Y")
));}\n  </li>\n</ul>\n<h3>Description:</h3>\n<p id='description'>#{_hamlout.adjust_tabs(-1); 


_hamlout.format_script_false_true_false_true_false_true_false((@movie.description
));}</p>\n#{
_hamlout.format_script_false_false_false_true_false_true_false(( link_to 'Edit', edit_movie_path(@movie)
));}\n#{_hamlout.format_script_false_false_false_true_false_true_false(( button_to 'Delete', movie_path(@movie), :method => :delete, :confirm => 'Are you sure?'
));}\n#{_hamlout.format_script_false_false_false_true_false_true_false(( link_to 'Back to movie list', redirect_to session[:params]
));}\n", 0, false);::Haml::Util.html_safe(_erbout);ensure;@haml_buffer = @haml_buffer.upper if @haml_buffer;end;
          ensure
            @virtual_path, @output_buffer = _old_virtual_path, _old_output_buffer
          end
Backtrace: /usr/local/lib/ruby/gems/1.9.1/gems/actionpack-3.1.0/lib/action_view/template.rb:282:in `module_eval'
/usr/local/lib/ruby/gems/1.9.1/gems/actionpack-3.1.0/lib/action_view/template.rb:282:in `compile'
/usr/local/lib/ruby/gems/1.9.1/gems/actionpack-3.1.0/lib/action_view/template.rb:190:in `compile!'
/usr/local/lib/ruby/gems/1.9.1/gems/actionpack-3.1.0/lib/action_view/template.rb:143:in `block in render'
/usr/local/lib/ruby/gems/1.9.1/gems/activesupport-3.1.0/lib/active_support/notifications.rb:55:in `instrument'
/usr/local/lib/ruby/gems/1.9.1/gems/actionpack-3.1.0/lib/action_view/template.rb:142:in `render'
/usr/local/lib/ruby/gems/1.9.1/gems/actionpack-3.1.0/lib/action_view/renderer/template_renderer.rb:40:in `block (2 levels) in render_template'
/usr/local/lib/ruby/gems/1.9.1/gems/actionpack-3.1.0/lib/action_view/renderer/abstract_renderer.rb:33:in `block in instrument'
/usr/local/lib/ruby/gems/1.9.1/gems/activesupport-3.1.0/lib/active_support/notifications.rb:53:in `block in instrument'
/usr/local/lib/ruby/gems/1.9.1/gems/activesupport-3.1.0/lib/active_support/notifications/instrumenter.rb:21:in `instrument'
/usr/local/lib/ruby/gems/1.9.1/gems/activesupport-3.1.0/lib/active_support/notifications.rb:53:in `instrument'
/usr/local/lib/ruby/gems/1.9.1/gems/actionpack-3.1.0/lib/action_view/renderer/abstract_renderer.rb:33:in `instrument'
/usr/local/lib/ruby/gems/1.9.1/gems/actionpack-3.1.0/lib/action_view/renderer/template_renderer.rb:39:in `block in render_template'
/usr/local/lib/ruby/gems/1.9.1/gems/actionpack-3.1.0/lib/action_view/renderer/template_renderer.rb:47:in `render_with_layout'
/usr/local/lib/ruby/gems/1.9.1/gems/actionpack-3.1.0/lib/action_view/renderer/template_renderer.rb:38:in `render_template'
/usr/local/lib/ruby/gems/1.9.1/gems/actionpack-3.1.0/lib/action_view/renderer/template_renderer.rb:12:in `block in render'
/usr/local/lib/ruby/gems/1.9.1/gems/actionpack-3.1.0/lib/action_view/renderer/abstract_renderer.rb:22:in `wrap_formats'
/usr/local/lib/ruby/gems/1.9.1/gems/actionpack-3.1.0/lib/action_view/renderer/template_renderer.rb:9:in `render'
/usr/local/lib/ruby/gems/1.9.1/gems/actionpack-3.1.0/lib/action_view/renderer/renderer.rb:36:in `render_template'
/usr/local/lib/ruby/gems/1.9.1/gems/actionpack-3.1.0/lib/action_view/renderer/renderer.rb:17:in `render'
/usr/local/lib/ruby/gems/1.9.1/gems/actionpack-3.1.0/lib/abstract_controller/rendering.rb:120:in `_render_template'
/usr/local/lib/ruby/gems/1.9.1/gems/actionpack-3.1.0/lib/action_controller/metal/streaming.rb:250:in `_render_template'
/usr/local/lib/ruby/gems/1.9.1/gems/actionpack-3.1.0/lib/abstract_controller/rendering.rb:114:in `render_to_body'
/usr/local/lib/ruby/gems/1.9.1/gems/actionpack-3.1.0/lib/action_controller/metal/renderers.rb:30:in `render_to_body'
/usr/local/lib/ruby/gems/1.9.1/gems/actionpack-3.1.0/lib/action_controller/metal/compatibility.rb:43:in `render_to_body'
/usr/local/lib/ruby/gems/1.9.1/gems/actionpack-3.1.0/lib/abstract_controller/rendering.rb:99:in `render'
/usr/local/lib/ruby/gems/1.9.1/gems/actionpack-3.1.0/lib/action_controller/metal/rendering.rb:16:in `render'
/usr/local/lib/ruby/gems/1.9.1/gems/actionpack-3.1.0/lib/action_controller/metal/instrumentation.rb:40:in `block (2 levels) in render'
/usr/local/lib/ruby/gems/1.9.1/gems/activesupport-3.1.0/lib/active_support/core_ext/benchmark.rb:5:in `block in ms'
/usr/local/lib/ruby/1.9.1/benchmark.rb:310:in `realtime'
/usr/local/lib/ruby/gems/1.9.1/gems/activesupport-3.1.0/lib/active_support/core_ext/benchmark.rb:5:in `ms'
/usr/local/lib/ruby/gems/1.9.1/gems/actionpack-3.1.0/lib/action_controller/metal/instrumentation.rb:40:in `block in render'
/usr/local/lib/ruby/gems/1.9.1/gems/actionpack-3.1.0/lib/action_controller/metal/instrumentation.rb:78:in `cleanup_view_runtime'
/usr/local/lib/ruby/gems/1.9.1/gems/activerecord-3.1.0/lib/active_record/railties/controller_runtime.rb:24:in `cleanup_view_runtime'
/usr/local/lib/ruby/gems/1.9.1/gems/actionpack-3.1.0/lib/action_controller/metal/instrumentation.rb:39:in `render'
/usr/local/lib/ruby/gems/1.9.1/gems/actionpack-3.1.0/lib/action_controller/metal/implicit_render.rb:10:in `default_render'
/usr/local/lib/ruby/gems/1.9.1/gems/actionpack-3.1.0/lib/action_controller/metal/implicit_render.rb:5:in `send_action'
/usr/local/lib/ruby/gems/1.9.1/gems/actionpack-3.1.0/lib/abstract_controller/base.rb:167:in `process_action'
/usr/local/lib/ruby/gems/1.9.1/gems/actionpack-3.1.0/lib/action_controller/metal/rendering.rb:10:in `process_action'
/usr/local/lib/ruby/gems/1.9.1/gems/actionpack-3.1.0/lib/abstract_controller/callbacks.rb:18:in `block in process_action'
/usr/local/lib/ruby/gems/1.9.1/gems/activesupport-3.1.0/lib/active_support/callbacks.rb:416:in `_run__113067766__process_action__921551770__callbacks'
/usr/local/lib/ruby/gems/1.9.1/gems/activesupport-3.1.0/lib/active_support/callbacks.rb:386:in `_run_process_action_callbacks'
/usr/local/lib/ruby/gems/1.9.1/gems/activesupport-3.1.0/lib/active_support/callbacks.rb:81:in `run_callbacks'
/usr/local/lib/ruby/gems/1.9.1/gems/actionpack-3.1.0/lib/abstract_controller/callbacks.rb:17:in `process_action'
/usr/local/lib/ruby/gems/1.9.1/gems/actionpack-3.1.0/lib/action_controller/metal/rescue.rb:17:in `process_action'
/usr/local/lib/ruby/gems/1.9.1/gems/actionpack-3.1.0/lib/action_controller/metal/instrumentation.rb:30:in `block in process_action'
/usr/local/lib/ruby/gems/1.9.1/gems/activesupport-3.1.0/lib/active_support/notifications.rb:53:in `block in instrument'
/usr/local/lib/ruby/gems/1.9.1/gems/activesupport-3.1.0/lib/active_support/notifications/instrumenter.rb:21:in `instrument'
/usr/local/lib/ruby/gems/1.9.1/gems/activesupport-3.1.0/lib/active_support/notifications.rb:53:in `instrument'
/usr/local/lib/ruby/gems/1.9.1/gems/actionpack-3.1.0/lib/action_controller/metal/instrumentation.rb:29:in `process_action'
/usr/local/lib/ruby/gems/1.9.1/gems/actionpack-3.1.0/lib/action_controller/metal/params_wrapper.rb:201:in `process_action'
/usr/local/lib/ruby/gems/1.9.1/gems/activerecord-3.1.0/lib/active_record/railties/controller_runtime.rb:18:in `process_action'
/usr/local/lib/ruby/gems/1.9.1/gems/actionpack-3.1.0/lib/abstract_controller/base.rb:121:in `process'
/usr/local/lib/ruby/gems/1.9.1/gems/actionpack-3.1.0/lib/abstract_controller/rendering.rb:45:in `process'
/usr/local/lib/ruby/gems/1.9.1/gems/actionpack-3.1.0/lib/action_controller/metal.rb:193:in `dispatch'
/usr/local/lib/ruby/gems/1.9.1/gems/actionpack-3.1.0/lib/action_controller/metal/rack_delegation.rb:14:in `dispatch'
/usr/local/lib/ruby/gems/1.9.1/gems/actionpack-3.1.0/lib/action_controller/metal.rb:236:in `block in action'
/usr/local/lib/ruby/gems/1.9.1/gems/actionpack-3.1.0/lib/action_dispatch/routing/route_set.rb:65:in `call'
/usr/local/lib/ruby/gems/1.9.1/gems/actionpack-3.1.0/lib/action_dispatch/routing/route_set.rb:65:in `dispatch'
/usr/local/lib/ruby/gems/1.9.1/gems/actionpack-3.1.0/lib/action_dispatch/routing/route_set.rb:29:in `call'
/usr/local/lib/ruby/gems/1.9.1/gems/rack-mount-0.8.3/lib/rack/mount/route_set.rb:152:in `block in call'
/usr/local/lib/ruby/gems/1.9.1/gems/rack-mount-0.8.3/lib/rack/mount/code_generation.rb:96:in `block in recognize'
/usr/local/lib/ruby/gems/1.9.1/gems/rack-mount-0.8.3/lib/rack/mount/code_generation.rb:89:in `optimized_each'
/usr/local/lib/ruby/gems/1.9.1/gems/rack-mount-0.8.3/lib/rack/mount/code_generation.rb:95:in `recognize'
/usr/local/lib/ruby/gems/1.9.1/gems/rack-mount-0.8.3/lib/rack/mount/route_set.rb:141:in `call'
/usr/local/lib/ruby/gems/1.9.1/gems/actionpack-3.1.0/lib/action_dispatch/routing/route_set.rb:531:in `call'
/usr/local/lib/ruby/gems/1.9.1/gems/actionpack-3.1.0/lib/action_dispatch/middleware/best_standards_support.rb:17:in `call'
/usr/local/lib/ruby/gems/1.9.1/gems/rack-1.3.5/lib/rack/etag.rb:23:in `call'
/usr/local/lib/ruby/gems/1.9.1/gems/rack-1.3.5/lib/rack/conditionalget.rb:25:in `call'
/usr/local/lib/ruby/gems/1.9.1/gems/actionpack-3.1.0/lib/action_dispatch/middleware/head.rb:14:in `call'
/usr/local/lib/ruby/gems/1.9.1/gems/actionpack-3.1.0/lib/action_dispatch/middleware/params_parser.rb:21:in `call'
/usr/local/lib/ruby/gems/1.9.1/gems/actionpack-3.1.0/lib/action_dispatch/middleware/flash.rb:243:in `call'
/usr/local/lib/ruby/gems/1.9.1/gems/rack-1.3.5/lib/rack/session/abstract/id.rb:195:in `context'
/usr/local/lib/ruby/gems/1.9.1/gems/rack-1.3.5/lib/rack/session/abstract/id.rb:190:in `call'
/usr/local/lib/ruby/gems/1.9.1/gems/actionpack-3.1.0/lib/action_dispatch/middleware/cookies.rb:326:in `call'
/usr/local/lib/ruby/gems/1.9.1/gems/activerecord-3.1.0/lib/active_record/query_cache.rb:62:in `call'
/usr/local/lib/ruby/gems/1.9.1/gems/activerecord-3.1.0/lib/active_record/connection_adapters/abstract/connection_pool.rb:477:in `call'
/usr/local/lib/ruby/gems/1.9.1/gems/actionpack-3.1.0/lib/action_dispatch/middleware/callbacks.rb:29:in `block in call'
/usr/local/lib/ruby/gems/1.9.1/gems/activesupport-3.1.0/lib/active_support/callbacks.rb:392:in `_run_call_callbacks'
/usr/local/lib/ruby/gems/1.9.1/gems/activesupport-3.1.0/lib/active_support/callbacks.rb:81:in `run_callbacks'
/usr/local/lib/ruby/gems/1.9.1/gems/actionpack-3.1.0/lib/action_dispatch/middleware/callbacks.rb:28:in `call'
/usr/local/lib/ruby/gems/1.9.1/gems/actionpack-3.1.0/lib/action_dispatch/middleware/reloader.rb:68:in `call'
/usr/local/lib/ruby/gems/1.9.1/gems/rack-1.3.5/lib/rack/sendfile.rb:101:in `call'
/usr/local/lib/ruby/gems/1.9.1/gems/actionpack-3.1.0/lib/action_dispatch/middleware/remote_ip.rb:48:in `call'
/usr/local/lib/ruby/gems/1.9.1/gems/actionpack-3.1.0/lib/action_dispatch/middleware/show_exceptions.rb:47:in `call'
/usr/local/lib/ruby/gems/1.9.1/gems/railties-3.1.0/lib/rails/rack/logger.rb:13:in `call'
/usr/local/lib/ruby/gems/1.9.1/gems/rack-1.3.5/lib/rack/methodoverride.rb:24:in `call'
/usr/local/lib/ruby/gems/1.9.1/gems/rack-1.3.5/lib/rack/runtime.rb:17:in `call'
/usr/local/lib/ruby/gems/1.9.1/gems/activesupport-3.1.0/lib/active_support/cache/strategy/local_cache.rb:72:in `call'
/usr/local/lib/ruby/gems/1.9.1/gems/rack-1.3.5/lib/rack/lock.rb:15:in `call'
/usr/local/lib/ruby/gems/1.9.1/gems/actionpack-3.1.0/lib/action_dispatch/middleware/static.rb:53:in `call'
/usr/local/lib/ruby/gems/1.9.1/gems/railties-3.1.0/lib/rails/engine.rb:455:in `call'
/usr/local/lib/ruby/gems/1.9.1/gems/railties-3.1.0/lib/rails/rack/content_length.rb:16:in `call'
/usr/local/lib/ruby/gems/1.9.1/gems/railties-3.1.0/lib/rails/rack/log_tailer.rb:14:in `call'
/usr/local/lib/ruby/gems/1.9.1/gems/rack-1.3.5/lib/rack/handler/webrick.rb:59:in `service'
/usr/local/lib/ruby/1.9.1/webrick/httpserver.rb:111:in `service'
/usr/local/lib/ruby/1.9.1/webrick/httpserver.rb:70:in `run'
/usr/local/lib/ruby/1.9.1/webrick/server.rb:183:in `block in start_thread'
Rendered movies/show.html.haml within layouts/application (45.5ms)
Completed 500 Internal Server Error in 140ms

ActionView::Template::Error (/home/saasbook/homework-saas/app/views/movies/show.html.haml:19: syntax error, unexpected tIDENTIFIER, expecting keyword_do or '{' or '('
...ovie list', redirect_to session[:params]
...                               ^):
    16: 
    17: = link_to 'Edit', edit_movie_path(@movie)
    18: = button_to 'Delete', movie_path(@movie), :method => :delete, :confirm => 'Are you sure?'
    19: = link_to 'Back to movie list', redirect_to session[:params]
  

Rendered /usr/local/lib/ruby/gems/1.9.1/gems/actionpack-3.1.0/lib/action_dispatch/middleware/templates/rescues/_trace.erb (14.8ms)
Rendered /usr/local/lib/ruby/gems/1.9.1/gems/actionpack-3.1.0/lib/action_dispatch/middleware/templates/rescues/_request_and_response.erb (15.1ms)
Rendered /usr/local/lib/ruby/gems/1.9.1/gems/actionpack-3.1.0/lib/action_dispatch/middleware/templates/rescues/template_error.erb within rescues/layout (63.9ms)


Started GET "/movies/8" for 127.0.0.1 at 2012-03-11 19:53:09 -0700
  Processing by MoviesController#show as HTML
  Parameters: {"id"=>"8"}
  [1m[36mMovie Load (0.5ms)[0m  [1mSELECT "movies".* FROM "movies" WHERE "movies"."id" = ? LIMIT 1[0m  [["id", "8"]]
Rendered movies/show.html.haml within layouts/application (104.1ms)
Completed 200 OK in 182ms (Views: 162.6ms | ActiveRecord: 10.3ms)


Started GET "/assets/application.css?body=1" for 127.0.0.1 at 2012-03-11 19:53:10 -0700
Served asset /application.css - 304 Not Modified (22ms)


Started GET "/assets/jquery_ujs.js?body=1" for 127.0.0.1 at 2012-03-11 19:53:11 -0700
Served asset /jquery_ujs.js - 304 Not Modified (0ms)


Started GET "/assets/jquery.js?body=1" for 127.0.0.1 at 2012-03-11 19:53:11 -0700
Served asset /jquery.js - 304 Not Modified (13ms)


Started GET "/assets/application.js?body=1" for 127.0.0.1 at 2012-03-11 19:53:11 -0700
Served asset /application.js - 304 Not Modified (1ms)


Started GET "/movies?ratings%5BPG%5D=1&release_hilite=hilite&sort_id=release_date" for 127.0.0.1 at 2012-03-11 19:53:17 -0700
  Processing by MoviesController#index as HTML
  Parameters: {"ratings"=>{"PG"=>"1"}, "release_hilite"=>"hilite", "sort_id"=>"release_date"}
  [1m[35mMovie Load (0.7ms)[0m  SELECT "movies".* FROM "movies" WHERE "movies"."rating" IN ('PG') ORDER BY release_date
Rendered movies/index.html.haml within layouts/application (546.7ms)
Completed 200 OK in 725ms (Views: 706.7ms | ActiveRecord: 8.5ms)


Started GET "/assets/jquery.js?body=1" for 127.0.0.1 at 2012-03-11 19:53:19 -0700
Served asset /jquery.js - 304 Not Modified (9ms)


Started GET "/assets/application.css?body=1" for 127.0.0.1 at 2012-03-11 19:53:19 -0700
Served asset /application.css - 304 Not Modified (0ms)


Started GET "/assets/jquery_ujs.js?body=1" for 127.0.0.1 at 2012-03-11 19:53:20 -0700
Served asset /jquery_ujs.js - 304 Not Modified (0ms)


Started GET "/assets/application.js?body=1" for 127.0.0.1 at 2012-03-11 19:53:20 -0700
Served asset /application.js - 304 Not Modified (0ms)


Started GET "/movies?ratings%5BPG%5D=1&sort_id=title&title_hilite=hilite" for 127.0.0.1 at 2012-03-11 19:53:27 -0700
  Processing by MoviesController#index as HTML
  Parameters: {"ratings"=>{"PG"=>"1"}, "sort_id"=>"title", "title_hilite"=>"hilite"}
  [1m[36mMovie Load (0.7ms)[0m  [1mSELECT "movies".* FROM "movies" WHERE "movies"."rating" IN ('PG') ORDER BY title[0m
Rendered movies/index.html.haml within layouts/application (105.7ms)
Completed 200 OK in 249ms (Views: 229.1ms | ActiveRecord: 1.5ms)


Started GET "/assets/application.css?body=1" for 127.0.0.1 at 2012-03-11 19:53:29 -0700
Served asset /application.css - 304 Not Modified (0ms)


Started GET "/assets/application.js?body=1" for 127.0.0.1 at 2012-03-11 19:53:29 -0700
Served asset /application.js - 304 Not Modified (0ms)


Started GET "/assets/jquery_ujs.js?body=1" for 127.0.0.1 at 2012-03-11 19:53:29 -0700
Served asset /jquery_ujs.js - 304 Not Modified (0ms)


Started GET "/assets/jquery.js?body=1" for 127.0.0.1 at 2012-03-11 19:53:29 -0700
Served asset /jquery.js - 304 Not Modified (18ms)


Started GET "/movies/9" for 127.0.0.1 at 2012-03-11 19:53:34 -0700
  Processing by MoviesController#show as HTML
  Parameters: {"id"=>"9"}
  [1m[35mMovie Load (0.5ms)[0m  SELECT "movies".* FROM "movies" WHERE "movies"."id" = ? LIMIT 1  [["id", "9"]]
Rendered movies/show.html.haml within layouts/application (283.8ms)
Completed 200 OK in 438ms (Views: 409.4ms | ActiveRecord: 14.4ms)


Started GET "/assets/jquery.js?body=1" for 127.0.0.1 at 2012-03-11 19:53:37 -0700
Served asset /jquery.js - 304 Not Modified (0ms)


Started GET "/assets/jquery_ujs.js?body=1" for 127.0.0.1 at 2012-03-11 19:53:37 -0700
Served asset /jquery_ujs.js - 304 Not Modified (1ms)


Started GET "/assets/application.css?body=1" for 127.0.0.1 at 2012-03-11 19:53:37 -0700
Served asset /application.css - 304 Not Modified (0ms)


Started GET "/assets/application.js?body=1" for 127.0.0.1 at 2012-03-11 19:53:37 -0700
Served asset /application.js - 304 Not Modified (2ms)


Started GET "/movies?ratings%5BPG%5D=1&sort_id=title&title_hilite=hilite" for 127.0.0.1 at 2012-03-11 19:53:42 -0700
  Processing by MoviesController#index as HTML
  Parameters: {"ratings"=>{"PG"=>"1"}, "sort_id"=>"title", "title_hilite"=>"hilite"}
  [1m[36mMovie Load (9.5ms)[0m  [1mSELECT "movies".* FROM "movies" WHERE "movies"."rating" IN ('PG') ORDER BY title[0m
Rendered movies/index.html.haml within layouts/application (585.0ms)
Completed 200 OK in 696ms (Views: 681.9ms | ActiveRecord: 10.5ms)


Started GET "/assets/jquery.js?body=1" for 127.0.0.1 at 2012-03-11 19:53:44 -0700
Served asset /jquery.js - 304 Not Modified (0ms)


Started GET "/assets/application.css?body=1" for 127.0.0.1 at 2012-03-11 19:53:44 -0700
Served asset /application.css - 304 Not Modified (3ms)


Started GET "/assets/application.js?body=1" for 127.0.0.1 at 2012-03-11 19:53:44 -0700
Served asset /application.js - 304 Not Modified (0ms)


Started GET "/assets/jquery_ujs.js?body=1" for 127.0.0.1 at 2012-03-11 19:53:45 -0700
Served asset /jquery_ujs.js - 304 Not Modified (0ms)


Started GET "/movies/new" for 127.0.0.1 at 2012-03-11 20:04:07 -0700
  Processing by MoviesController#new as HTML
Rendered movies/new.html.haml within layouts/application (177.4ms)
Completed 200 OK in 254ms (Views: 253.9ms | ActiveRecord: 0.0ms)


Started GET "/assets/jquery.js?body=1" for 127.0.0.1 at 2012-03-11 20:04:09 -0700
Served asset /jquery.js - 304 Not Modified (15ms)


Started GET "/assets/jquery_ujs.js?body=1" for 127.0.0.1 at 2012-03-11 20:04:09 -0700
Served asset /jquery_ujs.js - 304 Not Modified (0ms)


Started GET "/assets/application.css?body=1" for 127.0.0.1 at 2012-03-11 20:04:09 -0700
Served asset /application.css - 304 Not Modified (0ms)


Started GET "/assets/application.js?body=1" for 127.0.0.1 at 2012-03-11 20:04:09 -0700
Served asset /application.js - 304 Not Modified (0ms)


Started POST "/movies" for 127.0.0.1 at 2012-03-11 20:04:21 -0700
  Processing by MoviesController#create as HTML
  Parameters: {"utf8"=>"✓", "authenticity_token"=>"xdwljEfBAZD7PnJaEQS/AV22+9LH2o+KhpVo3jCHcaE=", "movie"=>{"title"=>"uno", "rating"=>"G", "release_date(1i)"=>"2012", "release_date(2i)"=>"3", "release_date(3i)"=>"12"}, "commit"=>"Save Changes"}
  [1m[35mSQL (1199.7ms)[0m  INSERT INTO "movies" ("created_at", "description", "rating", "release_date", "title", "updated_at") VALUES (?, ?, ?, ?, ?, ?)  [["created_at", Mon, 12 Mar 2012 03:04:21 UTC +00:00], ["description", nil], ["rating", "G"], ["release_date", Mon, 12 Mar 2012 00:00:00 UTC +00:00], ["title", "uno"], ["updated_at", Mon, 12 Mar 2012 03:04:21 UTC +00:00]]
Redirected to http://localhost:3000/movies
Completed 302 Found in 1589ms


Started GET "/movies" for 127.0.0.1 at 2012-03-11 20:04:23 -0700
  Processing by MoviesController#index as HTML
  [1m[36mMovie Load (0.8ms)[0m  [1mSELECT "movies".* FROM "movies" [0m
Rendered movies/index.html.haml within layouts/application (208.8ms)
Completed 200 OK in 556ms (Views: 368.9ms | ActiveRecord: 2.6ms)


Started GET "/assets/jquery.js?body=1" for 127.0.0.1 at 2012-03-11 20:04:25 -0700
Served asset /jquery.js - 304 Not Modified (71ms)


Started GET "/assets/application.css?body=1" for 127.0.0.1 at 2012-03-11 20:04:25 -0700
Served asset /application.css - 304 Not Modified (24ms)


Started GET "/assets/jquery_ujs.js?body=1" for 127.0.0.1 at 2012-03-11 20:04:25 -0700
Served asset /jquery_ujs.js - 304 Not Modified (13ms)


Started GET "/assets/application.js?body=1" for 127.0.0.1 at 2012-03-11 20:04:25 -0700
Served asset /application.js - 304 Not Modified (91ms)


Started GET "/movies/1" for 127.0.0.1 at 2012-03-11 20:04:32 -0700
  Processing by MoviesController#show as HTML
  Parameters: {"id"=>"1"}
  [1m[35mMovie Load (13.7ms)[0m  SELECT "movies".* FROM "movies" WHERE "movies"."id" = ? LIMIT 1  [["id", "1"]]
Rendered movies/show.html.haml within layouts/application (99.3ms)
Completed 200 OK in 316ms (Views: 233.1ms | ActiveRecord: 15.6ms)


Started GET "/assets/application.css?body=1" for 127.0.0.1 at 2012-03-11 20:04:35 -0700
Served asset /application.css - 304 Not Modified (30ms)


Started GET "/assets/application.js?body=1" for 127.0.0.1 at 2012-03-11 20:04:35 -0700
Served asset /application.js - 304 Not Modified (84ms)


Started GET "/assets/jquery.js?body=1" for 127.0.0.1 at 2012-03-11 20:04:35 -0700
Served asset /jquery.js - 304 Not Modified (0ms)


Started GET "/assets/jquery_ujs.js?body=1" for 127.0.0.1 at 2012-03-11 20:04:35 -0700
Served asset /jquery_ujs.js - 304 Not Modified (0ms)


Started GET "/movies/1/edit" for 127.0.0.1 at 2012-03-11 20:04:41 -0700
  Processing by MoviesController#edit as HTML
  Parameters: {"id"=>"1"}
  [1m[36mMovie Load (0.7ms)[0m  [1mSELECT "movies".* FROM "movies" WHERE "movies"."id" = ? LIMIT 1[0m  [["id", "1"]]
Rendered movies/edit.html.haml within layouts/application (184.7ms)
Completed 200 OK in 313ms (Views: 267.2ms | ActiveRecord: 23.4ms)


Started GET "/assets/application.css?body=1" for 127.0.0.1 at 2012-03-11 20:04:44 -0700
Served asset /application.css - 304 Not Modified (16ms)


Started GET "/assets/jquery_ujs.js?body=1" for 127.0.0.1 at 2012-03-11 20:04:44 -0700
Served asset /jquery_ujs.js - 304 Not Modified (0ms)


Started GET "/assets/application.js?body=1" for 127.0.0.1 at 2012-03-11 20:04:44 -0700
Served asset /application.js - 304 Not Modified (0ms)


Started GET "/assets/jquery.js?body=1" for 127.0.0.1 at 2012-03-11 20:04:44 -0700
Served asset /jquery.js - 304 Not Modified (0ms)


Started PUT "/movies/1" for 127.0.0.1 at 2012-03-11 20:04:54 -0700
  Processing by MoviesController#update as HTML
  Parameters: {"utf8"=>"✓", "authenticity_token"=>"xdwljEfBAZD7PnJaEQS/AV22+9LH2o+KhpVo3jCHcaE=", "movie"=>{"title"=>"Aladdin2", "rating"=>"G", "release_date(1i)"=>"1992", "release_date(2i)"=>"11", "release_date(3i)"=>"25"}, "commit"=>"Update Movie Info", "id"=>"1"}
  [1m[35mMovie Load (0.5ms)[0m  SELECT "movies".* FROM "movies" WHERE "movies"."id" = ? LIMIT 1  [["id", "1"]]
  [1m[36m (28.8ms)[0m  [1mUPDATE "movies" SET "title" = 'Aladdin2', "updated_at" = '2012-03-12 03:04:54.637832' WHERE "movies"."id" = 1[0m
Redirected to http://localhost:3000/movies/1
Completed 302 Found in 185ms


Started GET "/movies/1" for 127.0.0.1 at 2012-03-11 20:04:55 -0700
  Processing by MoviesController#show as HTML
  Parameters: {"id"=>"1"}
  [1m[35mMovie Load (1.1ms)[0m  SELECT "movies".* FROM "movies" WHERE "movies"."id" = ? LIMIT 1  [["id", "1"]]
Rendered movies/show.html.haml within layouts/application (91.2ms)
Completed 200 OK in 235ms (Views: 186.1ms | ActiveRecord: 2.5ms)


Started GET "/assets/application.css?body=1" for 127.0.0.1 at 2012-03-11 20:04:56 -0700
Served asset /application.css - 304 Not Modified (0ms)


Started GET "/assets/jquery.js?body=1" for 127.0.0.1 at 2012-03-11 20:04:56 -0700
Served asset /jquery.js - 304 Not Modified (0ms)


Started GET "/assets/jquery_ujs.js?body=1" for 127.0.0.1 at 2012-03-11 20:04:57 -0700
Served asset /jquery_ujs.js - 304 Not Modified (0ms)


Started GET "/assets/application.js?body=1" for 127.0.0.1 at 2012-03-11 20:04:57 -0700
Served asset /application.js - 304 Not Modified (0ms)


Started DELETE "/movies/1" for 127.0.0.1 at 2012-03-11 20:05:06 -0700
  Processing by MoviesController#destroy as HTML
  Parameters: {"authenticity_token"=>"xdwljEfBAZD7PnJaEQS/AV22+9LH2o+KhpVo3jCHcaE=", "id"=>"1"}
  [1m[36mMovie Load (0.6ms)[0m  [1mSELECT "movies".* FROM "movies" WHERE "movies"."id" = ? LIMIT 1[0m  [["id", "1"]]
  [1m[35mSQL (19.5ms)[0m  DELETE FROM "movies" WHERE "movies"."id" = ?  [["id", 1]]
Redirected to http://localhost:3000/movies
Completed 302 Found in 315ms


Started GET "/movies" for 127.0.0.1 at 2012-03-11 20:05:07 -0700
  Processing by MoviesController#index as HTML
  [1m[36mMovie Load (0.6ms)[0m  [1mSELECT "movies".* FROM "movies" [0m
Rendered movies/index.html.haml within layouts/application (243.7ms)
Completed 200 OK in 593ms (Views: 541.4ms | ActiveRecord: 2.0ms)


Started GET "/assets/application.css?body=1" for 127.0.0.1 at 2012-03-11 20:05:09 -0700
Served asset /application.css - 304 Not Modified (0ms)


Started GET "/assets/jquery_ujs.js?body=1" for 127.0.0.1 at 2012-03-11 20:05:10 -0700
Served asset /jquery_ujs.js - 304 Not Modified (0ms)


Started GET "/assets/jquery.js?body=1" for 127.0.0.1 at 2012-03-11 20:05:10 -0700
Served asset /jquery.js - 304 Not Modified (0ms)


Started GET "/assets/application.js?body=1" for 127.0.0.1 at 2012-03-11 20:05:10 -0700
Served asset /application.js - 304 Not Modified (0ms)


Started GET "/movies" for 127.0.0.1 at 2012-03-11 20:06:47 -0700
  Processing by MoviesController#index as HTML
  [1m[35mMovie Load (0.6ms)[0m  SELECT "movies".* FROM "movies" 
Rendered movies/index.html.haml within layouts/application (167.2ms)
Completed 200 OK in 311ms (Views: 283.1ms | ActiveRecord: 10.7ms)


Started GET "/assets/jquery_ujs.js?body=1" for 127.0.0.1 at 2012-03-11 20:06:49 -0700
Served asset /jquery_ujs.js - 304 Not Modified (0ms)


Started GET "/assets/application.css?body=1" for 127.0.0.1 at 2012-03-11 20:06:49 -0700
Served asset /application.css - 304 Not Modified (89ms)


Started GET "/assets/jquery.js?body=1" for 127.0.0.1 at 2012-03-11 20:06:49 -0700
Served asset /jquery.js - 304 Not Modified (0ms)


Started GET "/assets/application.js?body=1" for 127.0.0.1 at 2012-03-11 20:06:49 -0700
Served asset /application.js - 304 Not Modified (22ms)


Started GET "/movies?utf8=%E2%9C%93&ratings%5BPG%5D=1&title_hilite=&release_hilite=&sort_id=&commit=Refresh" for 127.0.0.1 at 2012-03-11 20:06:56 -0700
  Processing by MoviesController#index as HTML
  Parameters: {"utf8"=>"✓", "ratings"=>{"PG"=>"1"}, "title_hilite"=>"", "release_hilite"=>"", "sort_id"=>"", "commit"=>"Refresh"}
  [1m[36mMovie Load (4.8ms)[0m  [1mSELECT "movies".* FROM "movies" WHERE "movies"."rating" IN ('PG')[0m
Rendered movies/index.html.haml within layouts/application (116.6ms)
Completed 200 OK in 259ms (Views: 214.2ms | ActiveRecord: 6.3ms)


Started GET "/assets/application.css?body=1" for 127.0.0.1 at 2012-03-11 20:06:59 -0700
Served asset /application.css - 304 Not Modified (0ms)


Started GET "/assets/jquery.js?body=1" for 127.0.0.1 at 2012-03-11 20:06:59 -0700
Served asset /jquery.js - 304 Not Modified (11ms)


Started GET "/assets/application.js?body=1" for 127.0.0.1 at 2012-03-11 20:06:59 -0700
Served asset /application.js - 304 Not Modified (18ms)


Started GET "/assets/jquery_ujs.js?body=1" for 127.0.0.1 at 2012-03-11 20:06:59 -0700
Served asset /jquery_ujs.js - 304 Not Modified (0ms)


Started GET "/movies/new" for 127.0.0.1 at 2012-03-11 20:07:06 -0700
  Processing by MoviesController#new as HTML
Rendered movies/new.html.haml within layouts/application (160.6ms)
Completed 200 OK in 393ms (Views: 391.5ms | ActiveRecord: 0.0ms)


Started GET "/assets/application.js?body=1" for 127.0.0.1 at 2012-03-11 20:07:08 -0700
Served asset /application.js - 304 Not Modified (12ms)


Started GET "/assets/application.css?body=1" for 127.0.0.1 at 2012-03-11 20:07:08 -0700
Served asset /application.css - 304 Not Modified (11ms)


Started GET "/assets/jquery.js?body=1" for 127.0.0.1 at 2012-03-11 20:07:08 -0700
Served asset /jquery.js - 304 Not Modified (0ms)


Started GET "/assets/jquery_ujs.js?body=1" for 127.0.0.1 at 2012-03-11 20:07:08 -0700
Served asset /jquery_ujs.js - 304 Not Modified (0ms)


Started POST "/movies?commit=Refresh&ratings%5BPG%5D=1&release_hilite=&sort_id=&title_hilite=&utf8=%E2%9C%93" for 127.0.0.1 at 2012-03-11 20:07:17 -0700
  Processing by MoviesController#create as HTML
  Parameters: {"utf8"=>"✓", "authenticity_token"=>"xdwljEfBAZD7PnJaEQS/AV22+9LH2o+KhpVo3jCHcaE=", "movie"=>{"title"=>"dos", "rating"=>"G", "release_date(1i)"=>"2012", "release_date(2i)"=>"3", "release_date(3i)"=>"12"}, "commit"=>"Refresh", "ratings"=>{"PG"=>"1"}, "release_hilite"=>"", "sort_id"=>"", "title_hilite"=>""}
  [1m[35mSQL (25.3ms)[0m  INSERT INTO "movies" ("created_at", "description", "rating", "release_date", "title", "updated_at") VALUES (?, ?, ?, ?, ?, ?)  [["created_at", Mon, 12 Mar 2012 03:07:17 UTC +00:00], ["description", nil], ["rating", "G"], ["release_date", Mon, 12 Mar 2012 00:00:00 UTC +00:00], ["title", "dos"], ["updated_at", Mon, 12 Mar 2012 03:07:17 UTC +00:00]]
Redirected to http://localhost:3000/movies
Completed 302 Found in 269ms


Started GET "/movies" for 127.0.0.1 at 2012-03-11 20:07:18 -0700
  Processing by MoviesController#index as HTML
  [1m[36mMovie Load (0.6ms)[0m  [1mSELECT "movies".* FROM "movies" [0m
Rendered movies/index.html.haml within layouts/application (708.4ms)
Completed 200 OK in 1083ms (Views: 1006.3ms | ActiveRecord: 2.3ms)


Started GET "/assets/jquery_ujs.js?body=1" for 127.0.0.1 at 2012-03-11 20:07:21 -0700
Served asset /jquery_ujs.js - 304 Not Modified (0ms)


Started GET "/assets/jquery.js?body=1" for 127.0.0.1 at 2012-03-11 20:07:21 -0700
Served asset /jquery.js - 304 Not Modified (0ms)


Started GET "/assets/application.css?body=1" for 127.0.0.1 at 2012-03-11 20:07:21 -0700
Served asset /application.css - 304 Not Modified (0ms)


Started GET "/assets/application.js?body=1" for 127.0.0.1 at 2012-03-11 20:07:21 -0700
Served asset /application.js - 304 Not Modified (72ms)


Started GET "/movies/7" for 127.0.0.1 at 2012-03-11 20:07:32 -0700
  Processing by MoviesController#show as HTML
  Parameters: {"id"=>"7"}
  [1m[35mMovie Load (0.9ms)[0m  SELECT "movies".* FROM "movies" WHERE "movies"."id" = ? LIMIT 1  [["id", "7"]]
Rendered movies/show.html.haml within layouts/application (116.7ms)
Completed 200 OK in 245ms (Views: 205.8ms | ActiveRecord: 2.3ms)


Started GET "/assets/jquery_ujs.js?body=1" for 127.0.0.1 at 2012-03-11 20:07:34 -0700
Served asset /jquery_ujs.js - 304 Not Modified (0ms)


Started GET "/assets/application.js?body=1" for 127.0.0.1 at 2012-03-11 20:07:34 -0700
Served asset /application.js - 304 Not Modified (57ms)


Started GET "/assets/jquery.js?body=1" for 127.0.0.1 at 2012-03-11 20:07:34 -0700
Served asset /jquery.js - 304 Not Modified (0ms)


Started GET "/assets/application.css?body=1" for 127.0.0.1 at 2012-03-11 20:07:34 -0700
Served asset /application.css - 304 Not Modified (0ms)


Started GET "/movies" for 127.0.0.1 at 2012-03-11 20:07:39 -0700
  Processing by MoviesController#index as HTML
  [1m[36mMovie Load (0.6ms)[0m  [1mSELECT "movies".* FROM "movies" [0m
Rendered movies/index.html.haml within layouts/application (224.1ms)
Completed 200 OK in 381ms (Views: 342.8ms | ActiveRecord: 20.1ms)


Started GET "/assets/application.css?body=1" for 127.0.0.1 at 2012-03-11 20:07:42 -0700
Served asset /application.css - 304 Not Modified (0ms)


Started GET "/assets/jquery.js?body=1" for 127.0.0.1 at 2012-03-11 20:07:42 -0700
Served asset /jquery.js - 304 Not Modified (0ms)


Started GET "/assets/jquery_ujs.js?body=1" for 127.0.0.1 at 2012-03-11 20:07:42 -0700
Served asset /jquery_ujs.js - 304 Not Modified (0ms)


Started GET "/assets/application.js?body=1" for 127.0.0.1 at 2012-03-11 20:07:42 -0700
Served asset /application.js - 304 Not Modified (17ms)
